0 verbose cli /usr/local/bin/node /usr/local/bin/npm
1 info using npm@11.6.2
2 info using node@v24.12.0
3 silly config load:file:/usr/local/lib/node_modules/npm/npmrc
4 silly config load:file:/Users/flaviomontagner/Documents/Apps/Flowy/web/.npmrc
5 silly config load:file:/Users/flaviomontagner/.npmrc
6 silly config load:file:/usr/local/etc/npmrc
7 verbose title npm install @radix-ui/react-switch
8 verbose argv "install" "@radix-ui/react-switch"
9 verbose logfile logs-max:10 dir:/Users/flaviomontagner/Documents/Apps/Flowy/web/.npm-cache/_logs/2026-01-15T17_02_59_144Z-
10 verbose logfile /Users/flaviomontagner/Documents/Apps/Flowy/web/.npm-cache/_logs/2026-01-15T17_02_59_144Z-debug-0.log
11 silly logfile start cleaning logs, removing 1 files
12 silly packumentCache heap:4496293888 maxSize:1124073472 maxEntrySize:562036736
13 silly logfile done cleaning log files
14 silly idealTree buildDeps
15 silly fetch manifest @radix-ui/react-switch@*
16 silly packumentCache full:https://registry.npmjs.org/@radix-ui%2freact-switch cache-miss
17 http fetch GET 200 https://registry.npmjs.org/@radix-ui%2freact-switch 495ms (cache miss)
18 silly packumentCache full:https://registry.npmjs.org/@radix-ui%2freact-switch set size:undefined disposed:false
19 silly fetch manifest @types/react@^19
20 silly packumentCache full:https://registry.npmjs.org/@types%2freact cache-miss
21 http fetch GET 200 https://registry.npmjs.org/@types%2freact 124ms (cache revalidated)
22 silly packumentCache full:https://registry.npmjs.org/@types%2freact set size:2546526 disposed:false
23 silly fetch manifest @types/react-dom@^19
24 silly packumentCache full:https://registry.npmjs.org/@types%2freact-dom cache-miss
25 http fetch GET 200 https://registry.npmjs.org/@types%2freact-dom 77ms (cache revalidated)
26 silly packumentCache full:https://registry.npmjs.org/@types%2freact-dom set size:429026 disposed:false
27 silly fetch manifest react@19.2.3
28 silly packumentCache full:https://registry.npmjs.org/react cache-miss
29 http fetch GET 200 https://registry.npmjs.org/react 296ms (cache updated)
30 silly packumentCache full:https://registry.npmjs.org/react set size:undefined disposed:false
31 silly fetch manifest react-dom@19.2.3
32 silly packumentCache full:https://registry.npmjs.org/react-dom cache-miss
33 http fetch GET 200 https://registry.npmjs.org/react-dom 218ms (cache updated)
34 silly packumentCache full:https://registry.npmjs.org/react-dom set size:undefined disposed:false
35 silly placeDep ROOT @radix-ui/react-switch@1.2.6 OK for: web@0.1.0 want: *
36 silly fetch manifest @radix-ui/react-use-size@1.1.1
37 silly packumentCache full:https://registry.npmjs.org/@radix-ui%2freact-use-size cache-miss
38 silly fetch manifest @radix-ui/react-primitive@2.1.3
39 silly packumentCache full:https://registry.npmjs.org/@radix-ui%2freact-primitive cache-miss
40 silly fetch manifest @radix-ui/react-use-previous@1.1.1
41 silly packumentCache full:https://registry.npmjs.org/@radix-ui%2freact-use-previous cache-miss
42 http fetch GET 200 https://registry.npmjs.org/@radix-ui%2freact-use-size 174ms (cache miss)
43 silly packumentCache full:https://registry.npmjs.org/@radix-ui%2freact-use-size set size:undefined disposed:false
44 http fetch GET 200 https://registry.npmjs.org/@radix-ui%2freact-use-previous 175ms (cache miss)
45 silly packumentCache full:https://registry.npmjs.org/@radix-ui%2freact-use-previous set size:undefined disposed:false
46 http fetch GET 200 https://registry.npmjs.org/@radix-ui%2freact-primitive 229ms (cache revalidated)
47 silly packumentCache full:https://registry.npmjs.org/@radix-ui%2freact-primitive set size:595809 disposed:false
48 silly fetch manifest @types/react@*
49 silly packumentCache full:https://registry.npmjs.org/@types%2freact cache-miss
50 http cache https://registry.npmjs.org/@types%2freact 6ms (cache hit)
51 silly packumentCache full:https://registry.npmjs.org/@types%2freact set size:2546526 disposed:false
52 silly fetch manifest react@^16.8 || ^17.0 || ^18.0 || ^19.0 || ^19.0.0-rc
53 silly packumentCache full:https://registry.npmjs.org/react cache-miss
54 http cache https://registry.npmjs.org/react 7ms (cache hit)
55 silly packumentCache full:https://registry.npmjs.org/react set size:6386325 disposed:false
56 silly fetch manifest @types/react-dom@*
57 silly packumentCache full:https://registry.npmjs.org/@types%2freact-dom cache-hit
58 silly fetch manifest react-dom@^16.8 || ^17.0 || ^18.0 || ^19.0 || ^19.0.0-rc
59 silly packumentCache full:https://registry.npmjs.org/react-dom cache-miss
60 http cache https://registry.npmjs.org/react-dom 6ms (cache hit)
61 silly packumentCache full:https://registry.npmjs.org/react-dom set size:8415884 disposed:false
62 silly placeDep node_modules/@radix-ui/react-switch @radix-ui/react-primitive@2.1.3 OK for: @radix-ui/react-switch@1.2.6 want: 2.1.3
63 silly placeDep ROOT @radix-ui/react-use-previous@1.1.1 OK for: @radix-ui/react-switch@1.2.6 want: 1.1.1
64 silly placeDep ROOT @radix-ui/react-use-size@1.1.1 OK for: @radix-ui/react-switch@1.2.6 want: 1.1.1
65 silly fetch manifest @radix-ui/react-slot@1.2.3
66 silly packumentCache full:https://registry.npmjs.org/@radix-ui%2freact-slot cache-miss
67 http fetch GET 200 https://registry.npmjs.org/@radix-ui%2freact-slot 79ms (cache revalidated)
68 silly packumentCache full:https://registry.npmjs.org/@radix-ui%2freact-slot set size:387271 disposed:false
69 silly placeDep node_modules/@radix-ui/react-switch @radix-ui/react-slot@1.2.3 OK for: @radix-ui/react-primitive@2.1.3 want: 1.2.3
70 silly reify moves {}
71 silly audit bulk request {
71 silly audit   '@alloc/quick-lru': [ '5.2.0' ],
71 silly audit   '@babel/code-frame': [ '7.28.6' ],
71 silly audit   '@babel/compat-data': [ '7.28.6' ],
71 silly audit   '@babel/core': [ '7.28.6' ],
71 silly audit   '@babel/generator': [ '7.28.6' ],
71 silly audit   '@babel/helper-compilation-targets': [ '7.28.6' ],
71 silly audit   '@babel/helper-globals': [ '7.28.0' ],
71 silly audit   '@babel/helper-module-imports': [ '7.28.6' ],
71 silly audit   '@babel/helper-module-transforms': [ '7.28.6' ],
71 silly audit   '@babel/helper-string-parser': [ '7.27.1' ],
71 silly audit   '@babel/helper-validator-identifier': [ '7.28.5' ],
71 silly audit   '@babel/helper-validator-option': [ '7.27.1' ],
71 silly audit   '@babel/helpers': [ '7.28.6' ],
71 silly audit   '@babel/parser': [ '7.28.6' ],
71 silly audit   '@babel/template': [ '7.28.6' ],
71 silly audit   '@babel/traverse': [ '7.28.6' ],
71 silly audit   '@babel/types': [ '7.28.6' ],
71 silly audit   '@emnapi/core': [ '1.8.1' ],
71 silly audit   '@emnapi/runtime': [ '1.8.1' ],
71 silly audit   '@emnapi/wasi-threads': [ '1.1.0' ],
71 silly audit   '@eslint-community/eslint-utils': [ '4.9.1' ],
71 silly audit   'eslint-visitor-keys': [ '3.4.3', '4.2.1' ],
71 silly audit   '@eslint-community/regexpp': [ '4.12.2' ],
71 silly audit   '@eslint/config-array': [ '0.21.1' ],
71 silly audit   '@eslint/config-helpers': [ '0.4.2' ],
71 silly audit   '@eslint/core': [ '0.17.0' ],
71 silly audit   '@eslint/eslintrc': [ '3.3.3' ],
71 silly audit   '@eslint/js': [ '9.39.2' ],
71 silly audit   '@eslint/object-schema': [ '2.1.7' ],
71 silly audit   '@eslint/plugin-kit': [ '0.4.1' ],
71 silly audit   '@google/generative-ai': [ '0.24.1' ],
71 silly audit   '@humanfs/core': [ '0.19.1' ],
71 silly audit   '@humanfs/node': [ '0.16.7' ],
71 silly audit   '@humanwhocodes/module-importer': [ '1.0.1' ],
71 silly audit   '@humanwhocodes/retry': [ '0.4.3' ],
71 silly audit   '@img/colour': [ '1.0.0' ],
71 silly audit   '@img/sharp-darwin-arm64': [ '0.34.5' ],
71 silly audit   '@img/sharp-darwin-x64': [ '0.34.5' ],
71 silly audit   '@img/sharp-libvips-darwin-arm64': [ '1.2.4' ],
71 silly audit   '@img/sharp-libvips-darwin-x64': [ '1.2.4' ],
71 silly audit   '@img/sharp-libvips-linux-arm': [ '1.2.4' ],
71 silly audit   '@img/sharp-libvips-linux-arm64': [ '1.2.4' ],
71 silly audit   '@img/sharp-libvips-linux-ppc64': [ '1.2.4' ],
71 silly audit   '@img/sharp-libvips-linux-riscv64': [ '1.2.4' ],
71 silly audit   '@img/sharp-libvips-linux-s390x': [ '1.2.4' ],
71 silly audit   '@img/sharp-libvips-linux-x64': [ '1.2.4' ],
71 silly audit   '@img/sharp-libvips-linuxmusl-arm64': [ '1.2.4' ],
71 silly audit   '@img/sharp-libvips-linuxmusl-x64': [ '1.2.4' ],
71 silly audit   '@img/sharp-linux-arm': [ '0.34.5' ],
71 silly audit   '@img/sharp-linux-arm64': [ '0.34.5' ],
71 silly audit   '@img/sharp-linux-ppc64': [ '0.34.5' ],
71 silly audit   '@img/sharp-linux-riscv64': [ '0.34.5' ],
71 silly audit   '@img/sharp-linux-s390x': [ '0.34.5' ],
71 silly audit   '@img/sharp-linux-x64': [ '0.34.5' ],
71 silly audit   '@img/sharp-linuxmusl-arm64': [ '0.34.5' ],
71 silly audit   '@img/sharp-linuxmusl-x64': [ '0.34.5' ],
71 silly audit   '@img/sharp-wasm32': [ '0.34.5' ],
71 silly audit   '@img/sharp-win32-arm64': [ '0.34.5' ],
71 silly audit   '@img/sharp-win32-ia32': [ '0.34.5' ],
71 silly audit   '@img/sharp-win32-x64': [ '0.34.5' ],
71 silly audit   '@jridgewell/gen-mapping': [ '0.3.13' ],
71 silly audit   '@jridgewell/remapping': [ '2.3.5' ],
71 silly audit   '@jridgewell/resolve-uri': [ '3.1.2' ],
71 silly audit   '@jridgewell/sourcemap-codec': [ '1.5.5' ],
71 silly audit   '@jridgewell/trace-mapping': [ '0.3.31' ],
71 silly audit   '@napi-rs/wasm-runtime': [ '0.2.12' ],
71 silly audit   '@next/env': [ '16.1.1' ],
71 silly audit   '@next/eslint-plugin-next': [ '16.1.1' ],
71 silly audit   '@next/swc-darwin-arm64': [ '16.1.1' ],
71 silly audit   '@next/swc-darwin-x64': [ '16.1.1' ],
71 silly audit   '@next/swc-linux-arm64-gnu': [ '16.1.1' ],
71 silly audit   '@next/swc-linux-arm64-musl': [ '16.1.1' ],
71 silly audit   '@next/swc-linux-x64-gnu': [ '16.1.1' ],
71 silly audit   '@next/swc-linux-x64-musl': [ '16.1.1' ],
71 silly audit   '@next/swc-win32-arm64-msvc': [ '16.1.1' ],
71 silly audit   '@next/swc-win32-x64-msvc': [ '16.1.1' ],
71 silly audit   '@nodelib/fs.scandir': [ '2.1.5' ],
71 silly audit   '@nodelib/fs.stat': [ '2.0.5' ],
71 silly audit   '@nodelib/fs.walk': [ '1.2.8' ],
71 silly audit   '@nolyfill/is-core-module': [ '1.0.39' ],
71 silly audit   '@radix-ui/primitive': [ '1.1.3' ],
71 silly audit   '@radix-ui/react-collection': [ '1.1.7' ],
71 silly audit   '@radix-ui/react-primitive': [ '2.1.3', '2.1.4' ],
71 silly audit   '@radix-ui/react-slot': [ '1.2.3', '1.2.4' ],
71 silly audit   '@radix-ui/react-compose-refs': [ '1.1.2' ],
71 silly audit   '@radix-ui/react-context': [ '1.1.2' ],
71 silly audit   '@radix-ui/react-direction': [ '1.1.1' ],
71 silly audit   '@radix-ui/react-id': [ '1.1.1' ],
71 silly audit   '@radix-ui/react-presence': [ '1.1.5' ],
71 silly audit   '@radix-ui/react-roving-focus': [ '1.1.11' ],
71 silly audit   '@radix-ui/react-separator': [ '1.1.8' ],
71 silly audit   '@radix-ui/react-tabs': [ '1.1.13' ],
71 silly audit   '@radix-ui/react-use-callback-ref': [ '1.1.1' ],
71 silly audit   '@radix-ui/react-use-controllable-state': [ '1.2.2' ],
71 silly audit   '@radix-ui/react-use-effect-event': [ '0.0.2' ],
71 silly audit   '@radix-ui/react-use-layout-effect': [ '1.1.1' ],
71 silly audit   '@reactflow/background': [ '11.3.14' ],
71 silly audit   '@reactflow/controls': [ '11.2.14' ],
71 silly audit   '@reactflow/core': [ '11.11.4' ],
71 silly audit   '@reactflow/minimap': [ '11.7.14' ],
71 silly audit   '@reactflow/node-resizer': [ '2.2.14' ],
71 silly audit   '@reactflow/node-toolbar': [ '1.3.14' ],
71 silly audit   '@rtsao/scc': [ '1.1.0' ],
71 silly audit   '@swc/helpers': [ '0.5.15' ],
71 silly audit   '@tailwindcss/node': [ '4.1.18' ],
71 silly audit   '@tailwindcss/oxide': [ '4.1.18' ],
71 silly audit   '@tailwindcss/oxide-android-arm64': [ '4.1.18' ],
71 silly audit   '@tailwindcss/oxide-darwin-arm64': [ '4.1.18' ],
71 silly audit   '@tailwindcss/oxide-darwin-x64': [ '4.1.18' ],
71 silly audit   '@tailwindcss/oxide-freebsd-x64': [ '4.1.18' ],
71 silly audit   '@tailwindcss/oxide-linux-arm-gnueabihf': [ '4.1.18' ],
71 silly audit   '@tailwindcss/oxide-linux-arm64-gnu': [ '4.1.18' ],
71 silly audit   '@tailwindcss/oxide-linux-arm64-musl': [ '4.1.18' ],
71 silly audit   '@tailwindcss/oxide-linux-x64-gnu': [ '4.1.18' ],
71 silly audit   '@tailwindcss/oxide-linux-x64-musl': [ '4.1.18' ],
71 silly audit   '@tailwindcss/oxide-wasm32-wasi': [ '4.1.18' ],
71 silly audit   '@tailwindcss/oxide-win32-arm64-msvc': [ '4.1.18' ],
71 silly audit   '@tailwindcss/oxide-win32-x64-msvc': [ '4.1.18' ],
71 silly audit   '@tailwindcss/postcss': [ '4.1.18' ],
71 silly audit   '@tybys/wasm-util': [ '0.10.1' ],
71 silly audit   '@types/d3': [ '7.4.3' ],
71 silly audit   '@types/d3-array': [ '3.2.2' ],
71 silly audit   '@types/d3-axis': [ '3.0.6' ],
71 silly audit   '@types/d3-brush': [ '3.0.6' ],
71 silly audit   '@types/d3-chord': [ '3.0.6' ],
71 silly audit   '@types/d3-color': [ '3.1.3' ],
71 silly audit   '@types/d3-contour': [ '3.0.6' ],
71 silly audit   '@types/d3-delaunay': [ '6.0.4' ],
71 silly audit   '@types/d3-dispatch': [ '3.0.7' ],
71 silly audit   '@types/d3-drag': [ '3.0.7' ],
71 silly audit   '@types/d3-dsv': [ '3.0.7' ],
71 silly audit   '@types/d3-ease': [ '3.0.2' ],
71 silly audit   '@types/d3-fetch': [ '3.0.7' ],
71 silly audit   '@types/d3-force': [ '3.0.10' ],
71 silly audit   '@types/d3-format': [ '3.0.4' ],
71 silly audit   '@types/d3-geo': [ '3.1.0' ],
71 silly audit   '@types/d3-hierarchy': [ '3.1.7' ],
71 silly audit   '@types/d3-interpolate': [ '3.0.4' ],
71 silly audit   '@types/d3-path': [ '3.1.1' ],
71 silly audit   '@types/d3-polygon': [ '3.0.2' ],
71 silly audit   '@types/d3-quadtree': [ '3.0.6' ],
71 silly audit   '@types/d3-random': [ '3.0.3' ],
71 silly audit   '@types/d3-scale': [ '4.0.9' ],
71 silly audit   '@types/d3-scale-chromatic': [ '3.1.0' ],
71 silly audit   '@types/d3-selection': [ '3.0.11' ],
71 silly audit   '@types/d3-shape': [ '3.1.8' ],
71 silly audit   '@types/d3-time': [ '3.0.4' ],
71 silly audit   '@types/d3-time-format': [ '4.0.3' ],
71 silly audit   '@types/d3-timer': [ '3.0.2' ],
71 silly audit   '@types/d3-transition': [ '3.0.9' ],
71 silly audit   '@types/d3-zoom': [ '3.0.8' ],
71 silly audit   '@types/debug': [ '4.1.12' ],
71 silly audit   '@types/estree': [ '1.0.8' ],
71 silly audit   '@types/estree-jsx': [ '1.0.5' ],
71 silly audit   '@types/geojson': [ '7946.0.16' ],
71 silly audit   '@types/hast': [ '3.0.4' ],
71 silly audit   '@types/json-schema': [ '7.0.15' ],
71 silly audit   '@types/json5': [ '0.0.29' ],
71 silly audit   '@types/mdast': [ '4.0.4' ],
71 silly audit   '@types/ms': [ '2.1.0' ],
71 silly audit   '@types/node': [ '20.19.29' ],
71 silly audit   '@types/react': [ '19.2.8' ],
71 silly audit   '@types/react-dom': [ '19.2.3' ],
71 silly audit   '@types/unist': [ '3.0.3', '2.0.11' ],
71 silly audit   '@typescript-eslint/eslint-plugin': [ '8.53.0' ],
71 silly audit   ignore: [ '7.0.5', '5.3.2' ],
71 silly audit   '@typescript-eslint/parser': [ '8.53.0' ],
71 silly audit   '@typescript-eslint/project-service': [ '8.53.0' ],
71 silly audit   '@typescript-eslint/scope-manager': [ '8.53.0' ],
71 silly audit   '@typescript-eslint/tsconfig-utils': [ '8.53.0' ],
71 silly audit   '@typescript-eslint/type-utils': [ '8.53.0' ],
71 silly audit   '@typescript-eslint/types': [ '8.53.0' ],
71 silly audit   '@typescript-eslint/typescript-estree': [ '8.53.0' ],
71 silly audit   'brace-expansion': [ '2.0.2', '1.1.12' ],
71 silly audit   minimatch: [ '9.0.5', '3.1.2' ],
71 silly audit   semver: [ '7.7.3', '6.3.1' ],
71 silly audit   '@typescript-eslint/utils': [ '8.53.0' ],
71 silly audit   '@typescript-eslint/visitor-keys': [ '8.53.0' ],
71 silly audit   '@ungap/structured-clone': [ '1.3.0' ],
71 silly audit   '@unrs/resolver-binding-android-arm-eabi': [ '1.11.1' ],
71 silly audit   '@unrs/resolver-binding-android-arm64': [ '1.11.1' ],
71 silly audit   '@unrs/resolver-binding-darwin-arm64': [ '1.11.1' ],
71 silly audit   '@unrs/resolver-binding-darwin-x64': [ '1.11.1' ],
71 silly audit   '@unrs/resolver-binding-freebsd-x64': [ '1.11.1' ],
71 silly audit   '@unrs/resolver-binding-linux-arm-gnueabihf': [ '1.11.1' ],
71 silly audit   '@unrs/resolver-binding-linux-arm-musleabihf': [ '1.11.1' ],
71 silly audit   '@unrs/resolver-binding-linux-arm64-gnu': [ '1.11.1' ],
71 silly audit   '@unrs/resolver-binding-linux-arm64-musl': [ '1.11.1' ],
71 silly audit   '@unrs/resolver-binding-linux-ppc64-gnu': [ '1.11.1' ],
71 silly audit   '@unrs/resolver-binding-linux-riscv64-gnu': [ '1.11.1' ],
71 silly audit   '@unrs/resolver-binding-linux-riscv64-musl': [ '1.11.1' ],
71 silly audit   '@unrs/resolver-binding-linux-s390x-gnu': [ '1.11.1' ],
71 silly audit   '@unrs/resolver-binding-linux-x64-gnu': [ '1.11.1' ],
71 silly audit   '@unrs/resolver-binding-linux-x64-musl': [ '1.11.1' ],
71 silly audit   '@unrs/resolver-binding-wasm32-wasi': [ '1.11.1' ],
71 silly audit   '@unrs/resolver-binding-win32-arm64-msvc': [ '1.11.1' ],
71 silly audit   '@unrs/resolver-binding-win32-ia32-msvc': [ '1.11.1' ],
71 silly audit   '@unrs/resolver-binding-win32-x64-msvc': [ '1.11.1' ],
71 silly audit   acorn: [ '8.15.0' ],
71 silly audit   'acorn-jsx': [ '5.3.2' ],
71 silly audit   ajv: [ '6.12.6' ],
71 silly audit   'ansi-styles': [ '4.3.0' ],
71 silly audit   argparse: [ '2.0.1' ],
71 silly audit   'aria-query': [ '5.3.2' ],
71 silly audit   'array-buffer-byte-length': [ '1.0.2' ],
71 silly audit   'array-includes': [ '3.1.9' ],
71 silly audit   'array.prototype.findlast': [ '1.2.5' ],
71 silly audit   'array.prototype.findlastindex': [ '1.2.6' ],
71 silly audit   'array.prototype.flat': [ '1.3.3' ],
71 silly audit   'array.prototype.flatmap': [ '1.3.3' ],
71 silly audit   'array.prototype.tosorted': [ '1.1.4' ],
71 silly audit   'arraybuffer.prototype.slice': [ '1.0.4' ],
71 silly audit   'ast-types-flow': [ '0.0.8' ],
71 silly audit   'async-function': [ '1.0.0' ],
71 silly audit   'available-typed-arrays': [ '1.0.7' ],
71 silly audit   'axe-core': [ '4.11.1' ],
71 silly audit   'axobject-query': [ '4.1.0' ],
71 silly audit   bail: [ '2.0.2' ],
71 silly audit   'balanced-match': [ '1.0.2' ],
71 silly audit   'baseline-browser-mapping': [ '2.9.14' ],
71 silly audit   braces: [ '3.0.3' ],
71 silly audit   browserslist: [ '4.28.1' ],
71 silly audit   'call-bind': [ '1.0.8' ],
71 silly audit   'call-bind-apply-helpers': [ '1.0.2' ],
71 silly audit   'call-bound': [ '1.0.4' ],
71 silly audit   callsites: [ '3.1.0' ],
71 silly audit   'caniuse-lite': [ '1.0.30001764' ],
71 silly audit   ccount: [ '2.0.1' ],
71 silly audit   chalk: [ '4.1.2' ],
71 silly audit   'character-entities': [ '2.0.2' ],
71 silly audit   'character-entities-html4': [ '2.1.0' ],
71 silly audit   'character-entities-legacy': [ '3.0.0' ],
71 silly audit   'character-reference-invalid': [ '2.0.1' ],
71 silly audit   'class-variance-authority': [ '0.7.1' ],
71 silly audit   classcat: [ '5.0.5' ],
71 silly audit   'client-only': [ '0.0.1' ],
71 silly audit   clsx: [ '2.1.1' ],
71 silly audit   'color-convert': [ '2.0.1' ],
71 silly audit   'color-name': [ '1.1.4' ],
71 silly audit   'comma-separated-tokens': [ '2.0.3' ],
71 silly audit   'concat-map': [ '0.0.1' ],
71 silly audit   'convert-source-map': [ '2.0.0' ],
71 silly audit   'cross-spawn': [ '7.0.6' ],
71 silly audit   csstype: [ '3.2.3' ],
71 silly audit   'd3-color': [ '3.1.0' ],
71 silly audit   'd3-dispatch': [ '3.0.1' ],
71 silly audit   'd3-drag': [ '3.0.0' ],
71 silly audit   'd3-ease': [ '3.0.1' ],
71 silly audit   'd3-interpolate': [ '3.0.1' ],
71 silly audit   'd3-selection': [ '3.0.0' ],
71 silly audit   'd3-timer': [ '3.0.1' ],
71 silly audit   'd3-transition': [ '3.0.1' ],
71 silly audit   'd3-zoom': [ '3.0.0' ],
71 silly audit   'damerau-levenshtein': [ '1.0.8' ],
71 silly audit   'data-view-buffer': [ '1.0.2' ],
71 silly audit   'data-view-byte-length': [ '1.0.2' ],
71 silly audit   'data-view-byte-offset': [ '1.0.1' ],
71 silly audit   'date-fns': [ '4.1.0' ],
71 silly audit   debug: [ '4.4.3', '3.2.7' ],
71 silly audit   'decode-named-character-reference': [ '1.2.0' ],
71 silly audit   'deep-is': [ '0.1.4' ],
71 silly audit   'define-data-property': [ '1.1.4' ],
71 silly audit   'define-properties': [ '1.2.1' ],
71 silly audit   dequal: [ '2.0.3' ],
71 silly audit   'detect-libc': [ '2.1.2' ],
71 silly audit   devlop: [ '1.1.0' ],
71 silly audit   doctrine: [ '2.1.0' ],
71 silly audit   'dunder-proto': [ '1.0.1' ],
71 silly audit   'electron-to-chromium': [ '1.5.267' ],
71 silly audit   'emoji-regex': [ '9.2.2' ],
71 silly audit   'enhanced-resolve': [ '5.18.4' ],
71 silly audit   'es-abstract': [ '1.24.1' ],
71 silly audit   'es-define-property': [ '1.0.1' ],
71 silly audit   'es-errors': [ '1.3.0' ],
71 silly audit   'es-iterator-helpers': [ '1.2.2' ],
71 silly audit   'es-object-atoms': [ '1.1.1' ],
71 silly audit   'es-set-tostringtag': [ '2.1.0' ],
71 silly audit   'es-shim-unscopables': [ '1.1.0' ],
71 silly audit   'es-to-primitive': [ '1.3.0' ],
71 silly audit   escalade: [ '3.2.0' ],
71 silly audit   'escape-string-regexp': [ '4.0.0' ],
71 silly audit   eslint: [ '9.39.2' ],
71 silly audit   'eslint-config-next': [ '16.1.1' ],
71 silly audit   globals: [ '16.4.0', '14.0.0' ],
71 silly audit   'eslint-import-resolver-node': [ '0.3.9' ],
71 silly audit   'eslint-import-resolver-typescript': [ '3.10.1' ],
71 silly audit   'eslint-module-utils': [ '2.12.1' ],
71 silly audit   'eslint-plugin-import': [ '2.32.0' ],
71 silly audit   'eslint-plugin-jsx-a11y': [ '6.10.2' ],
71 silly audit   'eslint-plugin-react': [ '7.37.5' ],
71 silly audit   'eslint-plugin-react-hooks': [ '7.0.1' ],
71 silly audit   resolve: [ '2.0.0-next.5', '1.22.11' ],
71 silly audit   'eslint-scope': [ '8.4.0' ],
71 silly audit   espree: [ '10.4.0' ],
71 silly audit   esquery: [ '1.7.0' ],
71 silly audit   esrecurse: [ '4.3.0' ],
71 silly audit   estraverse: [ '5.3.0' ],
71 silly audit   'estree-util-is-identifier-name': [ '3.0.0' ],
71 silly audit   esutils: [ '2.0.3' ],
71 silly audit   extend: [ '3.0.2' ],
71 silly audit   'fast-deep-equal': [ '3.1.3' ],
71 silly audit   'fast-glob': [ '3.3.1' ],
71 silly audit   'glob-parent': [ '5.1.2', '6.0.2' ],
71 silly audit   'fast-json-stable-stringify': [ '2.1.0' ],
71 silly audit   'fast-levenshtein': [ '2.0.6' ],
71 silly audit   fastq: [ '1.20.1' ],
71 silly audit   'file-entry-cache': [ '8.0.0' ],
71 silly audit   'fill-range': [ '7.1.1' ],
71 silly audit   'find-up': [ '5.0.0' ],
71 silly audit   'flat-cache': [ '4.0.1' ],
71 silly audit   flatted: [ '3.3.3' ],
71 silly audit   'for-each': [ '0.3.5' ],
71 silly audit   'framer-motion': [ '12.26.2' ],
71 silly audit   'function-bind': [ '1.1.2' ],
71 silly audit   'function.prototype.name': [ '1.1.8' ],
71 silly audit   'functions-have-names': [ '1.2.3' ],
71 silly audit   'generator-function': [ '2.0.1' ],
71 silly audit   gensync: [ '1.0.0-beta.2' ],
71 silly audit   'get-intrinsic': [ '1.3.0' ],
71 silly audit   'get-proto': [ '1.0.1' ],
71 silly audit   'get-symbol-description': [ '1.1.0' ],
71 silly audit   'get-tsconfig': [ '4.13.0' ],
71 silly audit   globalthis: [ '1.0.4' ],
71 silly audit   gopd: [ '1.2.0' ],
71 silly audit   'graceful-fs': [ '4.2.11' ],
71 silly audit   'has-bigints': [ '1.1.0' ],
71 silly audit   'has-flag': [ '4.0.0' ],
71 silly audit   'has-property-descriptors': [ '1.0.2' ],
71 silly audit   'has-proto': [ '1.2.0' ],
71 silly audit   'has-symbols': [ '1.1.0' ],
71 silly audit   'has-tostringtag': [ '1.0.2' ],
71 silly audit   hasown: [ '2.0.2' ],
71 silly audit   'hast-util-to-jsx-runtime': [ '2.3.6' ],
71 silly audit   'hast-util-whitespace': [ '3.0.0' ],
71 silly audit   'hermes-estree': [ '0.25.1' ],
71 silly audit   'hermes-parser': [ '0.25.1' ],
71 silly audit   'html-url-attributes': [ '3.0.1' ],
71 silly audit   'import-fresh': [ '3.3.1' ],
71 silly audit   imurmurhash: [ '0.1.4' ],
71 silly audit   'inline-style-parser': [ '0.2.7' ],
71 silly audit   'internal-slot': [ '1.1.0' ],
71 silly audit   'is-alphabetical': [ '2.0.1' ],
71 silly audit   'is-alphanumerical': [ '2.0.1' ],
71 silly audit   'is-array-buffer': [ '3.0.5' ],
71 silly audit   'is-async-function': [ '2.1.1' ],
71 silly audit   'is-bigint': [ '1.1.0' ],
71 silly audit   'is-boolean-object': [ '1.2.2' ],
71 silly audit   'is-bun-module': [ '2.0.0' ],
71 silly audit   'is-callable': [ '1.2.7' ],
71 silly audit   'is-core-module': [ '2.16.1' ],
71 silly audit   'is-data-view': [ '1.0.2' ],
71 silly audit   'is-date-object': [ '1.1.0' ],
71 silly audit   'is-decimal': [ '2.0.1' ],
71 silly audit   'is-extglob': [ '2.1.1' ],
71 silly audit   'is-finalizationregistry': [ '1.1.1' ],
71 silly audit   'is-generator-function': [ '1.1.2' ],
71 silly audit   'is-glob': [ '4.0.3' ],
71 silly audit   'is-hexadecimal': [ '2.0.1' ],
71 silly audit   'is-map': [ '2.0.3' ],
71 silly audit   'is-negative-zero': [ '2.0.3' ],
71 silly audit   'is-number': [ '7.0.0' ],
71 silly audit   'is-number-object': [ '1.1.1' ],
71 silly audit   'is-plain-obj': [ '4.1.0' ],
71 silly audit   'is-regex': [ '1.2.1' ],
71 silly audit   'is-set': [ '2.0.3' ],
71 silly audit   'is-shared-array-buffer': [ '1.0.4' ],
71 silly audit   'is-string': [ '1.1.1' ],
71 silly audit   'is-symbol': [ '1.1.1' ],
71 silly audit   'is-typed-array': [ '1.1.15' ],
71 silly audit   'is-weakmap': [ '2.0.2' ],
71 silly audit   'is-weakref': [ '1.1.1' ],
71 silly audit   'is-weakset': [ '2.0.4' ],
71 silly audit   isarray: [ '2.0.5' ],
71 silly audit   isexe: [ '2.0.0' ],
71 silly audit   'iterator.prototype': [ '1.1.5' ],
71 silly audit   jiti: [ '2.6.1' ],
71 silly audit   'js-tokens': [ '4.0.0' ],
71 silly audit   'js-yaml': [ '4.1.1' ],
71 silly audit   jsesc: [ '3.1.0' ],
71 silly audit   'json-buffer': [ '3.0.1' ],
71 silly audit   'json-schema-traverse': [ '0.4.1' ],
71 silly audit   'json-stable-stringify-without-jsonify': [ '1.0.1' ],
71 silly audit   json5: [ '2.2.3', '1.0.2' ],
71 silly audit   'jsx-ast-utils': [ '3.3.5' ],
71 silly audit   keyv: [ '4.5.4' ],
71 silly audit   'language-subtag-registry': [ '0.3.23' ],
71 silly audit   'language-tags': [ '1.0.9' ],
71 silly audit   levn: [ '0.4.1' ],
71 silly audit   lightningcss: [ '1.30.2' ],
71 silly audit   'lightningcss-android-arm64': [ '1.30.2' ],
71 silly audit   'lightningcss-darwin-arm64': [ '1.30.2' ],
71 silly audit   'lightningcss-darwin-x64': [ '1.30.2' ],
71 silly audit   'lightningcss-freebsd-x64': [ '1.30.2' ],
71 silly audit   'lightningcss-linux-arm-gnueabihf': [ '1.30.2' ],
71 silly audit   'lightningcss-linux-arm64-gnu': [ '1.30.2' ],
71 silly audit   'lightningcss-linux-arm64-musl': [ '1.30.2' ],
71 silly audit   'lightningcss-linux-x64-gnu': [ '1.30.2' ],
71 silly audit   'lightningcss-linux-x64-musl': [ '1.30.2' ],
71 silly audit   'lightningcss-win32-arm64-msvc': [ '1.30.2' ],
71 silly audit   'lightningcss-win32-x64-msvc': [ '1.30.2' ],
71 silly audit   'locate-path': [ '6.0.0' ],
71 silly audit   'lodash.merge': [ '4.6.2' ],
71 silly audit   'longest-streak': [ '3.1.0' ],
71 silly audit   'loose-envify': [ '1.4.0' ],
71 silly audit   'lru-cache': [ '5.1.1' ],
71 silly audit   'lucide-react': [ '0.562.0' ],
71 silly audit   'magic-string': [ '0.30.21' ],
71 silly audit   'math-intrinsics': [ '1.1.0' ],
71 silly audit   'mdast-util-from-markdown': [ '2.0.2' ],
71 silly audit   'mdast-util-mdx-expression': [ '2.0.1' ],
71 silly audit   'mdast-util-mdx-jsx': [ '3.2.0' ],
71 silly audit   'mdast-util-mdxjs-esm': [ '2.0.1' ],
71 silly audit   'mdast-util-phrasing': [ '4.1.0' ],
71 silly audit   'mdast-util-to-hast': [ '13.2.1' ],
71 silly audit   'mdast-util-to-markdown': [ '2.1.2' ],
71 silly audit   'mdast-util-to-string': [ '4.0.0' ],
71 silly audit   merge2: [ '1.4.1' ],
71 silly audit   micromark: [ '4.0.2' ],
71 silly audit   'micromark-core-commonmark': [ '2.0.3' ],
71 silly audit   'micromark-factory-destination': [ '2.0.1' ],
71 silly audit   'micromark-factory-label': [ '2.0.1' ],
71 silly audit   'micromark-factory-space': [ '2.0.1' ],
71 silly audit   'micromark-factory-title': [ '2.0.1' ],
71 silly audit   'micromark-factory-whitespace': [ '2.0.1' ],
71 silly audit   'micromark-util-character': [ '2.1.1' ],
71 silly audit   'micromark-util-chunked': [ '2.0.1' ],
71 silly audit   'micromark-util-classify-character': [ '2.0.1' ],
71 silly audit   'micromark-util-combine-extensions': [ '2.0.1' ],
71 silly audit   'micromark-util-decode-numeric-character-reference': [ '2.0.2' ],
71 silly audit   'micromark-util-decode-string': [ '2.0.1' ],
71 silly audit   'micromark-util-encode': [ '2.0.1' ],
71 silly audit   'micromark-util-html-tag-name': [ '2.0.1' ],
71 silly audit   'micromark-util-normalize-identifier': [ '2.0.1' ],
71 silly audit   'micromark-util-resolve-all': [ '2.0.1' ],
71 silly audit   'micromark-util-sanitize-uri': [ '2.0.1' ],
71 silly audit   'micromark-util-subtokenize': [ '2.1.0' ],
71 silly audit   'micromark-util-symbol': [ '2.0.1' ],
71 silly audit   'micromark-util-types': [ '2.0.2' ],
71 silly audit   micromatch: [ '4.0.8' ],
71 silly audit   minimist: [ '1.2.8' ],
71 silly audit   'motion-dom': [ '12.26.2' ],
71 silly audit   'motion-utils': [ '12.24.10' ],
71 silly audit   ms: [ '2.1.3' ],
71 silly audit   nanoid: [ '3.3.11' ],
71 silly audit   'napi-postinstall': [ '0.3.4' ],
71 silly audit   'natural-compare': [ '1.4.0' ],
71 silly audit   next: [ '16.1.1' ],
71 silly audit   'next-themes': [ '0.4.6' ],
71 silly audit   postcss: [ '8.4.31', '8.5.6' ],
71 silly audit   'node-releases': [ '2.0.27' ],
71 silly audit   'object-assign': [ '4.1.1' ],
71 silly audit   'object-inspect': [ '1.13.4' ],
71 silly audit   'object-keys': [ '1.1.1' ],
71 silly audit   'object.assign': [ '4.1.7' ],
71 silly audit   'object.entries': [ '1.1.9' ],
71 silly audit   'object.fromentries': [ '2.0.8' ],
71 silly audit   'object.groupby': [ '1.0.3' ],
71 silly audit   'object.values': [ '1.2.1' ],
71 silly audit   optionator: [ '0.9.4' ],
71 silly audit   'own-keys': [ '1.0.1' ],
71 silly audit   'p-limit': [ '3.1.0' ],
71 silly audit   'p-locate': [ '5.0.0' ],
71 silly audit   'parent-module': [ '1.0.1' ],
71 silly audit   'parse-entities': [ '4.0.2' ],
71 silly audit   'path-exists': [ '4.0.0' ],
71 silly audit   'path-key': [ '3.1.1' ],
71 silly audit   'path-parse': [ '1.0.7' ],
71 silly audit   picocolors: [ '1.1.1' ],
71 silly audit   picomatch: [ '2.3.1', '4.0.3' ],
71 silly audit   'possible-typed-array-names': [ '1.1.0' ],
71 silly audit   'prelude-ls': [ '1.2.1' ],
71 silly audit   'prop-types': [ '15.8.1' ],
71 silly audit   'property-information': [ '7.1.0' ],
71 silly audit   punycode: [ '2.3.1' ],
71 silly audit   'queue-microtask': [ '1.2.3' ],
71 silly audit   react: [ '19.2.3' ],
71 silly audit   'react-dom': [ '19.2.3' ],
71 silly audit   'react-is': [ '16.13.1' ],
71 silly audit   'react-markdown': [ '10.1.0' ],
71 silly audit   reactflow: [ '11.11.4' ],
71 silly audit   'reflect.getprototypeof': [ '1.0.10' ],
71 silly audit   'regexp.prototype.flags': [ '1.5.4' ],
71 silly audit   'remark-parse': [ '11.0.0' ],
71 silly audit   'remark-rehype': [ '11.1.2' ],
71 silly audit   'resolve-from': [ '4.0.0' ],
71 silly audit   'resolve-pkg-maps': [ '1.0.0' ],
71 silly audit   reusify: [ '1.1.0' ],
71 silly audit   'run-parallel': [ '1.2.0' ],
71 silly audit   'safe-array-concat': [ '1.1.3' ],
71 silly audit   'safe-push-apply': [ '1.0.0' ],
71 silly audit   'safe-regex-test': [ '1.1.0' ],
71 silly audit   scheduler: [ '0.27.0' ],
71 silly audit   'set-function-length': [ '1.2.2' ],
71 silly audit   'set-function-name': [ '2.0.2' ],
71 silly audit   'set-proto': [ '1.0.0' ],
71 silly audit   sharp: [ '0.34.5' ],
71 silly audit   'shebang-command': [ '2.0.0' ],
71 silly audit   'shebang-regex': [ '3.0.0' ],
71 silly audit   'side-channel': [ '1.1.0' ],
71 silly audit   'side-channel-list': [ '1.0.0' ],
71 silly audit   'side-channel-map': [ '1.0.1' ],
71 silly audit   'side-channel-weakmap': [ '1.0.2' ],
71 silly audit   sonner: [ '2.0.7' ],
71 silly audit   'source-map-js': [ '1.2.1' ],
71 silly audit   'space-separated-tokens': [ '2.0.2' ],
71 silly audit   'stable-hash': [ '0.0.5' ],
71 silly audit   'stop-iteration-iterator': [ '1.1.0' ],
71 silly audit   'string.prototype.includes': [ '2.0.1' ],
71 silly audit   'string.prototype.matchall': [ '4.0.12' ],
71 silly audit   'string.prototype.repeat': [ '1.0.0' ],
71 silly audit   'string.prototype.trim': [ '1.2.10' ],
71 silly audit   'string.prototype.trimend': [ '1.0.9' ],
71 silly audit   'string.prototype.trimstart': [ '1.0.8' ],
71 silly audit   'stringify-entities': [ '4.0.4' ],
71 silly audit   'strip-bom': [ '3.0.0' ],
71 silly audit   'strip-json-comments': [ '3.1.1' ],
71 silly audit   'style-to-js': [ '1.1.21' ],
71 silly audit   'style-to-object': [ '1.0.14' ],
71 silly audit   'styled-jsx': [ '5.1.6' ],
71 silly audit   'supports-color': [ '7.2.0' ],
71 silly audit   'supports-preserve-symlinks-flag': [ '1.0.0' ],
71 silly audit   'tailwind-merge': [ '3.4.0' ],
71 silly audit   tailwindcss: [ '4.1.18' ],
71 silly audit   tapable: [ '2.3.0' ],
71 silly audit   tinyglobby: [ '0.2.15' ],
71 silly audit   fdir: [ '6.5.0' ],
71 silly audit   'to-regex-range': [ '5.0.1' ],
71 silly audit   'trim-lines': [ '3.0.1' ],
71 silly audit   trough: [ '2.2.0' ],
71 silly audit   'ts-api-utils': [ '2.4.0' ],
71 silly audit   'tsconfig-paths': [ '3.15.0' ],
71 silly audit   tslib: [ '2.8.1' ],
71 silly audit   'tw-animate-css': [ '1.4.0' ],
71 silly audit   'type-check': [ '0.4.0' ],
71 silly audit   'typed-array-buffer': [ '1.0.3' ],
71 silly audit   'typed-array-byte-length': [ '1.0.3' ],
71 silly audit   'typed-array-byte-offset': [ '1.0.4' ],
71 silly audit   'typed-array-length': [ '1.0.7' ],
71 silly audit   typescript: [ '5.9.3' ],
71 silly audit   'typescript-eslint': [ '8.53.0' ],
71 silly audit   'unbox-primitive': [ '1.1.0' ],
71 silly audit   'undici-types': [ '6.21.0' ],
71 silly audit   unified: [ '11.0.5' ],
71 silly audit   'unist-util-is': [ '6.0.1' ],
71 silly audit   'unist-util-position': [ '5.0.0' ],
71 silly audit   'unist-util-stringify-position': [ '4.0.0' ],
71 silly audit   'unist-util-visit': [ '5.0.0' ],
71 silly audit   'unist-util-visit-parents': [ '6.0.2' ],
71 silly audit   'unrs-resolver': [ '1.11.1' ],
71 silly audit   'update-browserslist-db': [ '1.2.3' ],
71 silly audit   'uri-js': [ '4.4.1' ],
71 silly audit   'use-sync-external-store': [ '1.6.0' ],
71 silly audit   vfile: [ '6.0.3' ],
71 silly audit   'vfile-message': [ '4.0.3' ],
71 silly audit   which: [ '2.0.2' ],
71 silly audit   'which-boxed-primitive': [ '1.1.1' ],
71 silly audit   'which-builtin-type': [ '1.2.1' ],
71 silly audit   'which-collection': [ '1.0.2' ],
71 silly audit   'which-typed-array': [ '1.1.19' ],
71 silly audit   'word-wrap': [ '1.2.5' ],
71 silly audit   yallist: [ '3.1.1' ],
71 silly audit   'yocto-queue': [ '0.1.0' ],
71 silly audit   zod: [ '4.3.5' ],
71 silly audit   'zod-validation-error': [ '4.0.2' ],
71 silly audit   zustand: [ '4.5.7' ],
71 silly audit   zwitch: [ '2.0.4' ],
71 silly audit   '@radix-ui/react-switch': [ '1.2.6' ],
71 silly audit   '@radix-ui/react-use-previous': [ '1.1.1' ],
71 silly audit   '@radix-ui/react-use-size': [ '1.1.1' ]
71 silly audit }
72 http cache @radix-ui/react-use-size@https://registry.npmjs.org/@radix-ui/react-use-size/-/react-use-size-1.1.1.tgz 0ms (cache hit)
73 http cache @radix-ui/react-primitive@https://registry.npmjs.org/@radix-ui/react-primitive/-/react-primitive-2.1.3.tgz 0ms (cache hit)
74 http cache @radix-ui/react-use-previous@https://registry.npmjs.org/@radix-ui/react-use-previous/-/react-use-previous-1.1.1.tgz 0ms (cache hit)
75 http cache @radix-ui/react-switch@https://registry.npmjs.org/@radix-ui/react-switch/-/react-switch-1.2.6.tgz 0ms (cache hit)
76 silly tarball no local data for @radix-ui/react-use-size@https://registry.npmjs.org/@radix-ui/react-use-size/-/react-use-size-1.1.1.tgz. Extracting by manifest.
77 http cache @radix-ui/react-slot@https://registry.npmjs.org/@radix-ui/react-slot/-/react-slot-1.2.3.tgz 0ms (cache hit)
78 silly tarball no local data for @radix-ui/react-use-previous@https://registry.npmjs.org/@radix-ui/react-use-previous/-/react-use-previous-1.1.1.tgz. Extracting by manifest.
79 silly tarball no local data for @radix-ui/react-switch@https://registry.npmjs.org/@radix-ui/react-switch/-/react-switch-1.2.6.tgz. Extracting by manifest.
80 http fetch GET 200 https://registry.npmjs.org/@radix-ui/react-use-previous/-/react-use-previous-1.1.1.tgz 64ms (cache miss)
81 http fetch GET 200 https://registry.npmjs.org/@radix-ui/react-use-size/-/react-use-size-1.1.1.tgz 83ms (cache miss)
82 http fetch POST 200 https://registry.npmjs.org/-/npm/v1/security/advisories/bulk 222ms
83 silly audit report {}
84 http fetch GET 200 https://registry.npmjs.org/@radix-ui/react-switch/-/react-switch-1.2.6.tgz 300ms (cache miss)
85 silly ADD node_modules/@radix-ui/react-use-size
86 silly ADD node_modules/@radix-ui/react-use-previous
87 silly ADD node_modules/@radix-ui/react-switch
88 silly ADD node_modules/@radix-ui/react-switch/node_modules/@radix-ui/react-slot
89 silly ADD node_modules/@radix-ui/react-switch/node_modules/@radix-ui/react-primitive
90 verbose cwd /Users/flaviomontagner/Documents/Apps/Flowy/web
91 verbose os Darwin 25.2.0
92 verbose node v24.12.0
93 verbose npm  v11.6.2
94 verbose exit 0
95 info ok
