0 verbose cli /usr/local/bin/node /usr/local/bin/npm
1 info using npm@11.6.2
2 info using node@v24.12.0
3 silly config load:file:/usr/local/lib/node_modules/npm/npmrc
4 silly config load:file:/Users/flaviomontagner/Documents/Apps/Flowy/web/.npmrc
5 silly config load:file:/Users/flaviomontagner/.npmrc
6 silly config load:file:/usr/local/etc/npmrc
7 verbose title npm install @radix-ui/react-tabs
8 verbose argv "install" "@radix-ui/react-tabs"
9 verbose logfile logs-max:10 dir:/Users/flaviomontagner/Documents/Apps/Flowy/web/.npm-cache/_logs/2026-01-15T14_20_12_462Z-
10 verbose logfile /Users/flaviomontagner/Documents/Apps/Flowy/web/.npm-cache/_logs/2026-01-15T14_20_12_462Z-debug-0.log
11 silly logfile done cleaning log files
12 silly packumentCache heap:4496293888 maxSize:1124073472 maxEntrySize:562036736
13 silly idealTree buildDeps
14 silly fetch manifest @radix-ui/react-tabs@*
15 silly packumentCache full:https://registry.npmjs.org/@radix-ui%2freact-tabs cache-miss
16 http fetch GET 200 https://registry.npmjs.org/@radix-ui%2freact-tabs 421ms (cache miss)
17 silly packumentCache full:https://registry.npmjs.org/@radix-ui%2freact-tabs set size:undefined disposed:false
18 silly fetch manifest @types/react@^19
19 silly packumentCache full:https://registry.npmjs.org/@types%2freact cache-miss
20 http cache https://registry.npmjs.org/@types%2freact 9ms (cache hit)
21 silly packumentCache full:https://registry.npmjs.org/@types%2freact set size:2546526 disposed:false
22 silly fetch manifest @types/react-dom@^19
23 silly packumentCache full:https://registry.npmjs.org/@types%2freact-dom cache-miss
24 http fetch GET 200 https://registry.npmjs.org/@types%2freact-dom 80ms (cache revalidated)
25 silly packumentCache full:https://registry.npmjs.org/@types%2freact-dom set size:429026 disposed:false
26 silly fetch manifest react@19.2.3
27 silly packumentCache full:https://registry.npmjs.org/react cache-miss
28 http cache https://registry.npmjs.org/react 12ms (cache hit)
29 silly packumentCache full:https://registry.npmjs.org/react set size:6382377 disposed:false
30 silly fetch manifest react-dom@19.2.3
31 silly packumentCache full:https://registry.npmjs.org/react-dom cache-miss
32 http fetch GET 200 https://registry.npmjs.org/react-dom 81ms (cache revalidated)
33 silly packumentCache full:https://registry.npmjs.org/react-dom set size:8409119 disposed:false
34 silly placeDep ROOT @radix-ui/react-tabs@1.1.13 OK for: web@0.1.0 want: *
35 silly fetch manifest @radix-ui/react-id@1.1.1
36 silly packumentCache full:https://registry.npmjs.org/@radix-ui%2freact-id cache-miss
37 silly fetch manifest @radix-ui/primitive@1.1.3
38 silly packumentCache full:https://registry.npmjs.org/@radix-ui%2fprimitive cache-miss
39 silly fetch manifest @radix-ui/react-context@1.1.2
40 silly packumentCache full:https://registry.npmjs.org/@radix-ui%2freact-context cache-miss
41 silly fetch manifest @radix-ui/react-presence@1.1.5
42 silly packumentCache full:https://registry.npmjs.org/@radix-ui%2freact-presence cache-miss
43 silly fetch manifest @radix-ui/react-direction@1.1.1
44 silly packumentCache full:https://registry.npmjs.org/@radix-ui%2freact-direction cache-miss
45 silly fetch manifest @radix-ui/react-primitive@2.1.3
46 silly packumentCache full:https://registry.npmjs.org/@radix-ui%2freact-primitive cache-miss
47 silly fetch manifest @radix-ui/react-roving-focus@1.1.11
48 silly packumentCache full:https://registry.npmjs.org/@radix-ui%2freact-roving-focus cache-miss
49 silly fetch manifest @radix-ui/react-use-controllable-state@1.2.2
50 silly packumentCache full:https://registry.npmjs.org/@radix-ui%2freact-use-controllable-state cache-miss
51 http fetch GET 200 https://registry.npmjs.org/@radix-ui%2freact-id 196ms (cache miss)
52 silly packumentCache full:https://registry.npmjs.org/@radix-ui%2freact-id set size:undefined disposed:false
53 http fetch GET 200 https://registry.npmjs.org/@radix-ui%2freact-direction 263ms (cache miss)
54 silly packumentCache full:https://registry.npmjs.org/@radix-ui%2freact-direction set size:undefined disposed:false
55 http fetch GET 200 https://registry.npmjs.org/@radix-ui%2freact-primitive 303ms (cache revalidated)
56 silly packumentCache full:https://registry.npmjs.org/@radix-ui%2freact-primitive set size:595809 disposed:false
57 http fetch GET 200 https://registry.npmjs.org/@radix-ui%2fprimitive 309ms (cache miss)
58 silly packumentCache full:https://registry.npmjs.org/@radix-ui%2fprimitive set size:undefined disposed:false
59 http fetch GET 200 https://registry.npmjs.org/@radix-ui%2freact-presence 311ms (cache miss)
60 silly packumentCache full:https://registry.npmjs.org/@radix-ui%2freact-presence set size:undefined disposed:false
61 http fetch GET 200 https://registry.npmjs.org/@radix-ui%2freact-roving-focus 329ms (cache miss)
62 silly packumentCache full:https://registry.npmjs.org/@radix-ui%2freact-roving-focus set size:undefined disposed:false
63 http fetch GET 200 https://registry.npmjs.org/@radix-ui%2freact-context 341ms (cache miss)
64 silly packumentCache full:https://registry.npmjs.org/@radix-ui%2freact-context set size:undefined disposed:false
65 http fetch GET 200 https://registry.npmjs.org/@radix-ui%2freact-use-controllable-state 408ms (cache miss)
66 silly packumentCache full:https://registry.npmjs.org/@radix-ui%2freact-use-controllable-state set size:undefined disposed:false
67 silly fetch manifest @types/react@*
68 silly packumentCache full:https://registry.npmjs.org/@types%2freact cache-miss
69 http cache https://registry.npmjs.org/@types%2freact 6ms (cache hit)
70 silly packumentCache full:https://registry.npmjs.org/@types%2freact set size:2546526 disposed:false
71 silly fetch manifest react@^16.8 || ^17.0 || ^18.0 || ^19.0 || ^19.0.0-rc
72 silly packumentCache full:https://registry.npmjs.org/react cache-miss
73 http cache https://registry.npmjs.org/react 10ms (cache hit)
74 silly packumentCache full:https://registry.npmjs.org/react set size:6382377 disposed:false
75 silly fetch manifest @types/react-dom@*
76 silly packumentCache full:https://registry.npmjs.org/@types%2freact-dom cache-hit
77 silly fetch manifest react-dom@^16.8 || ^17.0 || ^18.0 || ^19.0 || ^19.0.0-rc
78 silly packumentCache full:https://registry.npmjs.org/react-dom cache-miss
79 http cache https://registry.npmjs.org/react-dom 7ms (cache hit)
80 silly packumentCache full:https://registry.npmjs.org/react-dom set size:8409119 disposed:false
81 silly placeDep ROOT @radix-ui/primitive@1.1.3 OK for: @radix-ui/react-tabs@1.1.13 want: 1.1.3
82 silly placeDep ROOT @radix-ui/react-context@1.1.2 OK for: @radix-ui/react-tabs@1.1.13 want: 1.1.2
83 silly placeDep ROOT @radix-ui/react-direction@1.1.1 OK for: @radix-ui/react-tabs@1.1.13 want: 1.1.1
84 silly placeDep ROOT @radix-ui/react-id@1.1.1 OK for: @radix-ui/react-tabs@1.1.13 want: 1.1.1
85 silly placeDep ROOT @radix-ui/react-presence@1.1.5 OK for: @radix-ui/react-tabs@1.1.13 want: 1.1.5
86 silly placeDep node_modules/@radix-ui/react-tabs @radix-ui/react-primitive@2.1.3 OK for: @radix-ui/react-tabs@1.1.13 want: 2.1.3
87 silly placeDep ROOT @radix-ui/react-roving-focus@1.1.11 OK for: @radix-ui/react-tabs@1.1.13 want: 1.1.11
88 silly placeDep ROOT @radix-ui/react-use-controllable-state@1.2.2 OK for: @radix-ui/react-tabs@1.1.13 want: 1.2.2
89 silly fetch manifest @radix-ui/react-use-layout-effect@1.1.1
90 silly packumentCache full:https://registry.npmjs.org/@radix-ui%2freact-use-layout-effect cache-miss
91 silly fetch manifest @radix-ui/react-use-layout-effect@1.1.1
92 silly packumentCache full:https://registry.npmjs.org/@radix-ui%2freact-use-layout-effect cache-miss
93 silly fetch manifest @radix-ui/react-slot@1.2.3
94 silly packumentCache full:https://registry.npmjs.org/@radix-ui%2freact-slot cache-miss
95 silly fetch manifest @radix-ui/react-collection@1.1.7
96 silly packumentCache full:https://registry.npmjs.org/@radix-ui%2freact-collection cache-miss
97 silly fetch manifest @radix-ui/react-use-callback-ref@1.1.1
98 silly packumentCache full:https://registry.npmjs.org/@radix-ui%2freact-use-callback-ref cache-miss
99 silly fetch manifest @radix-ui/react-use-effect-event@0.0.2
100 silly packumentCache full:https://registry.npmjs.org/@radix-ui%2freact-use-effect-event cache-miss
101 silly fetch manifest @radix-ui/react-use-layout-effect@1.1.1
102 silly packumentCache full:https://registry.npmjs.org/@radix-ui%2freact-use-layout-effect cache-miss
103 http fetch GET 200 https://registry.npmjs.org/@radix-ui%2freact-use-layout-effect 86ms (cache miss)
104 silly packumentCache full:https://registry.npmjs.org/@radix-ui%2freact-use-layout-effect set size:undefined disposed:false
105 http fetch GET 200 https://registry.npmjs.org/@radix-ui%2freact-use-effect-event 88ms (cache miss)
106 silly packumentCache full:https://registry.npmjs.org/@radix-ui%2freact-use-effect-event set size:undefined disposed:false
107 http fetch GET 200 https://registry.npmjs.org/@radix-ui%2freact-slot 93ms (cache revalidated)
108 silly packumentCache full:https://registry.npmjs.org/@radix-ui%2freact-slot set size:387271 disposed:false
109 http fetch GET 200 https://registry.npmjs.org/@radix-ui%2freact-use-layout-effect 104ms (cache miss)
110 silly packumentCache full:https://registry.npmjs.org/@radix-ui%2freact-use-layout-effect set size:undefined disposed:false
111 http fetch GET 200 https://registry.npmjs.org/@radix-ui%2freact-use-callback-ref 105ms (cache miss)
112 silly packumentCache full:https://registry.npmjs.org/@radix-ui%2freact-use-callback-ref set size:undefined disposed:false
113 http fetch GET 200 https://registry.npmjs.org/@radix-ui%2freact-use-layout-effect 146ms (cache miss)
114 silly packumentCache full:https://registry.npmjs.org/@radix-ui%2freact-use-layout-effect set size:undefined disposed:false
115 http fetch GET 200 https://registry.npmjs.org/@radix-ui%2freact-collection 333ms (cache miss)
116 silly packumentCache full:https://registry.npmjs.org/@radix-ui%2freact-collection set size:undefined disposed:false
117 silly placeDep ROOT @radix-ui/react-use-layout-effect@1.1.1 OK for: @radix-ui/react-id@1.1.1 want: 1.1.1
118 silly placeDep ROOT @radix-ui/react-collection@1.1.7 OK for: @radix-ui/react-roving-focus@1.1.11 want: 1.1.7
119 silly placeDep node_modules/@radix-ui/react-roving-focus @radix-ui/react-primitive@2.1.3 OK for: @radix-ui/react-roving-focus@1.1.11 want: 2.1.3
120 silly placeDep ROOT @radix-ui/react-use-callback-ref@1.1.1 OK for: @radix-ui/react-roving-focus@1.1.11 want: 1.1.1
121 silly placeDep node_modules/@radix-ui/react-collection @radix-ui/react-primitive@2.1.3 OK for: @radix-ui/react-collection@1.1.7 want: 2.1.3
122 silly placeDep node_modules/@radix-ui/react-collection @radix-ui/react-slot@1.2.3 OK for: @radix-ui/react-collection@1.1.7 want: 1.2.3
123 silly placeDep ROOT @radix-ui/react-use-effect-event@0.0.2 OK for: @radix-ui/react-use-controllable-state@1.2.2 want: 0.0.2
124 silly placeDep node_modules/@radix-ui/react-roving-focus @radix-ui/react-slot@1.2.3 OK for: @radix-ui/react-primitive@2.1.3 want: 1.2.3
125 silly placeDep node_modules/@radix-ui/react-tabs @radix-ui/react-slot@1.2.3 OK for: @radix-ui/react-primitive@2.1.3 want: 1.2.3
126 silly reify moves {}
127 silly audit bulk request {
127 silly audit   '@alloc/quick-lru': [ '5.2.0' ],
127 silly audit   '@babel/code-frame': [ '7.28.6' ],
127 silly audit   '@babel/compat-data': [ '7.28.6' ],
127 silly audit   '@babel/core': [ '7.28.6' ],
127 silly audit   '@babel/generator': [ '7.28.6' ],
127 silly audit   '@babel/helper-compilation-targets': [ '7.28.6' ],
127 silly audit   '@babel/helper-globals': [ '7.28.0' ],
127 silly audit   '@babel/helper-module-imports': [ '7.28.6' ],
127 silly audit   '@babel/helper-module-transforms': [ '7.28.6' ],
127 silly audit   '@babel/helper-string-parser': [ '7.27.1' ],
127 silly audit   '@babel/helper-validator-identifier': [ '7.28.5' ],
127 silly audit   '@babel/helper-validator-option': [ '7.27.1' ],
127 silly audit   '@babel/helpers': [ '7.28.6' ],
127 silly audit   '@babel/parser': [ '7.28.6' ],
127 silly audit   '@babel/template': [ '7.28.6' ],
127 silly audit   '@babel/traverse': [ '7.28.6' ],
127 silly audit   '@babel/types': [ '7.28.6' ],
127 silly audit   '@emnapi/core': [ '1.8.1' ],
127 silly audit   '@emnapi/runtime': [ '1.8.1' ],
127 silly audit   '@emnapi/wasi-threads': [ '1.1.0' ],
127 silly audit   '@eslint-community/eslint-utils': [ '4.9.1' ],
127 silly audit   'eslint-visitor-keys': [ '3.4.3', '4.2.1' ],
127 silly audit   '@eslint-community/regexpp': [ '4.12.2' ],
127 silly audit   '@eslint/config-array': [ '0.21.1' ],
127 silly audit   '@eslint/config-helpers': [ '0.4.2' ],
127 silly audit   '@eslint/core': [ '0.17.0' ],
127 silly audit   '@eslint/eslintrc': [ '3.3.3' ],
127 silly audit   '@eslint/js': [ '9.39.2' ],
127 silly audit   '@eslint/object-schema': [ '2.1.7' ],
127 silly audit   '@eslint/plugin-kit': [ '0.4.1' ],
127 silly audit   '@google/generative-ai': [ '0.24.1' ],
127 silly audit   '@humanfs/core': [ '0.19.1' ],
127 silly audit   '@humanfs/node': [ '0.16.7' ],
127 silly audit   '@humanwhocodes/module-importer': [ '1.0.1' ],
127 silly audit   '@humanwhocodes/retry': [ '0.4.3' ],
127 silly audit   '@img/colour': [ '1.0.0' ],
127 silly audit   '@img/sharp-darwin-arm64': [ '0.34.5' ],
127 silly audit   '@img/sharp-darwin-x64': [ '0.34.5' ],
127 silly audit   '@img/sharp-libvips-darwin-arm64': [ '1.2.4' ],
127 silly audit   '@img/sharp-libvips-darwin-x64': [ '1.2.4' ],
127 silly audit   '@img/sharp-libvips-linux-arm': [ '1.2.4' ],
127 silly audit   '@img/sharp-libvips-linux-arm64': [ '1.2.4' ],
127 silly audit   '@img/sharp-libvips-linux-ppc64': [ '1.2.4' ],
127 silly audit   '@img/sharp-libvips-linux-riscv64': [ '1.2.4' ],
127 silly audit   '@img/sharp-libvips-linux-s390x': [ '1.2.4' ],
127 silly audit   '@img/sharp-libvips-linux-x64': [ '1.2.4' ],
127 silly audit   '@img/sharp-libvips-linuxmusl-arm64': [ '1.2.4' ],
127 silly audit   '@img/sharp-libvips-linuxmusl-x64': [ '1.2.4' ],
127 silly audit   '@img/sharp-linux-arm': [ '0.34.5' ],
127 silly audit   '@img/sharp-linux-arm64': [ '0.34.5' ],
127 silly audit   '@img/sharp-linux-ppc64': [ '0.34.5' ],
127 silly audit   '@img/sharp-linux-riscv64': [ '0.34.5' ],
127 silly audit   '@img/sharp-linux-s390x': [ '0.34.5' ],
127 silly audit   '@img/sharp-linux-x64': [ '0.34.5' ],
127 silly audit   '@img/sharp-linuxmusl-arm64': [ '0.34.5' ],
127 silly audit   '@img/sharp-linuxmusl-x64': [ '0.34.5' ],
127 silly audit   '@img/sharp-wasm32': [ '0.34.5' ],
127 silly audit   '@img/sharp-win32-arm64': [ '0.34.5' ],
127 silly audit   '@img/sharp-win32-ia32': [ '0.34.5' ],
127 silly audit   '@img/sharp-win32-x64': [ '0.34.5' ],
127 silly audit   '@jridgewell/gen-mapping': [ '0.3.13' ],
127 silly audit   '@jridgewell/remapping': [ '2.3.5' ],
127 silly audit   '@jridgewell/resolve-uri': [ '3.1.2' ],
127 silly audit   '@jridgewell/sourcemap-codec': [ '1.5.5' ],
127 silly audit   '@jridgewell/trace-mapping': [ '0.3.31' ],
127 silly audit   '@napi-rs/wasm-runtime': [ '0.2.12' ],
127 silly audit   '@next/env': [ '16.1.1' ],
127 silly audit   '@next/eslint-plugin-next': [ '16.1.1' ],
127 silly audit   '@next/swc-darwin-arm64': [ '16.1.1' ],
127 silly audit   '@next/swc-darwin-x64': [ '16.1.1' ],
127 silly audit   '@next/swc-linux-arm64-gnu': [ '16.1.1' ],
127 silly audit   '@next/swc-linux-arm64-musl': [ '16.1.1' ],
127 silly audit   '@next/swc-linux-x64-gnu': [ '16.1.1' ],
127 silly audit   '@next/swc-linux-x64-musl': [ '16.1.1' ],
127 silly audit   '@next/swc-win32-arm64-msvc': [ '16.1.1' ],
127 silly audit   '@next/swc-win32-x64-msvc': [ '16.1.1' ],
127 silly audit   '@nodelib/fs.scandir': [ '2.1.5' ],
127 silly audit   '@nodelib/fs.stat': [ '2.0.5' ],
127 silly audit   '@nodelib/fs.walk': [ '1.2.8' ],
127 silly audit   '@nolyfill/is-core-module': [ '1.0.39' ],
127 silly audit   '@radix-ui/react-compose-refs': [ '1.1.2' ],
127 silly audit   '@radix-ui/react-primitive': [ '2.1.4', '2.1.3' ],
127 silly audit   '@radix-ui/react-separator': [ '1.1.8' ],
127 silly audit   '@radix-ui/react-slot': [ '1.2.4', '1.2.3' ],
127 silly audit   '@reactflow/background': [ '11.3.14' ],
127 silly audit   '@reactflow/controls': [ '11.2.14' ],
127 silly audit   '@reactflow/core': [ '11.11.4' ],
127 silly audit   '@reactflow/minimap': [ '11.7.14' ],
127 silly audit   '@reactflow/node-resizer': [ '2.2.14' ],
127 silly audit   '@reactflow/node-toolbar': [ '1.3.14' ],
127 silly audit   '@rtsao/scc': [ '1.1.0' ],
127 silly audit   '@swc/helpers': [ '0.5.15' ],
127 silly audit   '@tailwindcss/node': [ '4.1.18' ],
127 silly audit   '@tailwindcss/oxide': [ '4.1.18' ],
127 silly audit   '@tailwindcss/oxide-android-arm64': [ '4.1.18' ],
127 silly audit   '@tailwindcss/oxide-darwin-arm64': [ '4.1.18' ],
127 silly audit   '@tailwindcss/oxide-darwin-x64': [ '4.1.18' ],
127 silly audit   '@tailwindcss/oxide-freebsd-x64': [ '4.1.18' ],
127 silly audit   '@tailwindcss/oxide-linux-arm-gnueabihf': [ '4.1.18' ],
127 silly audit   '@tailwindcss/oxide-linux-arm64-gnu': [ '4.1.18' ],
127 silly audit   '@tailwindcss/oxide-linux-arm64-musl': [ '4.1.18' ],
127 silly audit   '@tailwindcss/oxide-linux-x64-gnu': [ '4.1.18' ],
127 silly audit   '@tailwindcss/oxide-linux-x64-musl': [ '4.1.18' ],
127 silly audit   '@tailwindcss/oxide-wasm32-wasi': [ '4.1.18' ],
127 silly audit   '@tailwindcss/oxide-win32-arm64-msvc': [ '4.1.18' ],
127 silly audit   '@tailwindcss/oxide-win32-x64-msvc': [ '4.1.18' ],
127 silly audit   '@tailwindcss/postcss': [ '4.1.18' ],
127 silly audit   '@tybys/wasm-util': [ '0.10.1' ],
127 silly audit   '@types/d3': [ '7.4.3' ],
127 silly audit   '@types/d3-array': [ '3.2.2' ],
127 silly audit   '@types/d3-axis': [ '3.0.6' ],
127 silly audit   '@types/d3-brush': [ '3.0.6' ],
127 silly audit   '@types/d3-chord': [ '3.0.6' ],
127 silly audit   '@types/d3-color': [ '3.1.3' ],
127 silly audit   '@types/d3-contour': [ '3.0.6' ],
127 silly audit   '@types/d3-delaunay': [ '6.0.4' ],
127 silly audit   '@types/d3-dispatch': [ '3.0.7' ],
127 silly audit   '@types/d3-drag': [ '3.0.7' ],
127 silly audit   '@types/d3-dsv': [ '3.0.7' ],
127 silly audit   '@types/d3-ease': [ '3.0.2' ],
127 silly audit   '@types/d3-fetch': [ '3.0.7' ],
127 silly audit   '@types/d3-force': [ '3.0.10' ],
127 silly audit   '@types/d3-format': [ '3.0.4' ],
127 silly audit   '@types/d3-geo': [ '3.1.0' ],
127 silly audit   '@types/d3-hierarchy': [ '3.1.7' ],
127 silly audit   '@types/d3-interpolate': [ '3.0.4' ],
127 silly audit   '@types/d3-path': [ '3.1.1' ],
127 silly audit   '@types/d3-polygon': [ '3.0.2' ],
127 silly audit   '@types/d3-quadtree': [ '3.0.6' ],
127 silly audit   '@types/d3-random': [ '3.0.3' ],
127 silly audit   '@types/d3-scale': [ '4.0.9' ],
127 silly audit   '@types/d3-scale-chromatic': [ '3.1.0' ],
127 silly audit   '@types/d3-selection': [ '3.0.11' ],
127 silly audit   '@types/d3-shape': [ '3.1.8' ],
127 silly audit   '@types/d3-time': [ '3.0.4' ],
127 silly audit   '@types/d3-time-format': [ '4.0.3' ],
127 silly audit   '@types/d3-timer': [ '3.0.2' ],
127 silly audit   '@types/d3-transition': [ '3.0.9' ],
127 silly audit   '@types/d3-zoom': [ '3.0.8' ],
127 silly audit   '@types/debug': [ '4.1.12' ],
127 silly audit   '@types/estree': [ '1.0.8' ],
127 silly audit   '@types/estree-jsx': [ '1.0.5' ],
127 silly audit   '@types/geojson': [ '7946.0.16' ],
127 silly audit   '@types/hast': [ '3.0.4' ],
127 silly audit   '@types/json-schema': [ '7.0.15' ],
127 silly audit   '@types/json5': [ '0.0.29' ],
127 silly audit   '@types/mdast': [ '4.0.4' ],
127 silly audit   '@types/ms': [ '2.1.0' ],
127 silly audit   '@types/node': [ '20.19.29' ],
127 silly audit   '@types/react': [ '19.2.8' ],
127 silly audit   '@types/react-dom': [ '19.2.3' ],
127 silly audit   '@types/unist': [ '3.0.3', '2.0.11' ],
127 silly audit   '@typescript-eslint/eslint-plugin': [ '8.53.0' ],
127 silly audit   ignore: [ '7.0.5', '5.3.2' ],
127 silly audit   '@typescript-eslint/parser': [ '8.53.0' ],
127 silly audit   '@typescript-eslint/project-service': [ '8.53.0' ],
127 silly audit   '@typescript-eslint/scope-manager': [ '8.53.0' ],
127 silly audit   '@typescript-eslint/tsconfig-utils': [ '8.53.0' ],
127 silly audit   '@typescript-eslint/type-utils': [ '8.53.0' ],
127 silly audit   '@typescript-eslint/types': [ '8.53.0' ],
127 silly audit   '@typescript-eslint/typescript-estree': [ '8.53.0' ],
127 silly audit   'brace-expansion': [ '2.0.2', '1.1.12' ],
127 silly audit   minimatch: [ '9.0.5', '3.1.2' ],
127 silly audit   semver: [ '7.7.3', '6.3.1' ],
127 silly audit   '@typescript-eslint/utils': [ '8.53.0' ],
127 silly audit   '@typescript-eslint/visitor-keys': [ '8.53.0' ],
127 silly audit   '@ungap/structured-clone': [ '1.3.0' ],
127 silly audit   '@unrs/resolver-binding-android-arm-eabi': [ '1.11.1' ],
127 silly audit   '@unrs/resolver-binding-android-arm64': [ '1.11.1' ],
127 silly audit   '@unrs/resolver-binding-darwin-arm64': [ '1.11.1' ],
127 silly audit   '@unrs/resolver-binding-darwin-x64': [ '1.11.1' ],
127 silly audit   '@unrs/resolver-binding-freebsd-x64': [ '1.11.1' ],
127 silly audit   '@unrs/resolver-binding-linux-arm-gnueabihf': [ '1.11.1' ],
127 silly audit   '@unrs/resolver-binding-linux-arm-musleabihf': [ '1.11.1' ],
127 silly audit   '@unrs/resolver-binding-linux-arm64-gnu': [ '1.11.1' ],
127 silly audit   '@unrs/resolver-binding-linux-arm64-musl': [ '1.11.1' ],
127 silly audit   '@unrs/resolver-binding-linux-ppc64-gnu': [ '1.11.1' ],
127 silly audit   '@unrs/resolver-binding-linux-riscv64-gnu': [ '1.11.1' ],
127 silly audit   '@unrs/resolver-binding-linux-riscv64-musl': [ '1.11.1' ],
127 silly audit   '@unrs/resolver-binding-linux-s390x-gnu': [ '1.11.1' ],
127 silly audit   '@unrs/resolver-binding-linux-x64-gnu': [ '1.11.1' ],
127 silly audit   '@unrs/resolver-binding-linux-x64-musl': [ '1.11.1' ],
127 silly audit   '@unrs/resolver-binding-wasm32-wasi': [ '1.11.1' ],
127 silly audit   '@unrs/resolver-binding-win32-arm64-msvc': [ '1.11.1' ],
127 silly audit   '@unrs/resolver-binding-win32-ia32-msvc': [ '1.11.1' ],
127 silly audit   '@unrs/resolver-binding-win32-x64-msvc': [ '1.11.1' ],
127 silly audit   acorn: [ '8.15.0' ],
127 silly audit   'acorn-jsx': [ '5.3.2' ],
127 silly audit   ajv: [ '6.12.6' ],
127 silly audit   'ansi-styles': [ '4.3.0' ],
127 silly audit   argparse: [ '2.0.1' ],
127 silly audit   'aria-query': [ '5.3.2' ],
127 silly audit   'array-buffer-byte-length': [ '1.0.2' ],
127 silly audit   'array-includes': [ '3.1.9' ],
127 silly audit   'array.prototype.findlast': [ '1.2.5' ],
127 silly audit   'array.prototype.findlastindex': [ '1.2.6' ],
127 silly audit   'array.prototype.flat': [ '1.3.3' ],
127 silly audit   'array.prototype.flatmap': [ '1.3.3' ],
127 silly audit   'array.prototype.tosorted': [ '1.1.4' ],
127 silly audit   'arraybuffer.prototype.slice': [ '1.0.4' ],
127 silly audit   'ast-types-flow': [ '0.0.8' ],
127 silly audit   'async-function': [ '1.0.0' ],
127 silly audit   'available-typed-arrays': [ '1.0.7' ],
127 silly audit   'axe-core': [ '4.11.1' ],
127 silly audit   'axobject-query': [ '4.1.0' ],
127 silly audit   bail: [ '2.0.2' ],
127 silly audit   'balanced-match': [ '1.0.2' ],
127 silly audit   'baseline-browser-mapping': [ '2.9.14' ],
127 silly audit   braces: [ '3.0.3' ],
127 silly audit   browserslist: [ '4.28.1' ],
127 silly audit   'call-bind': [ '1.0.8' ],
127 silly audit   'call-bind-apply-helpers': [ '1.0.2' ],
127 silly audit   'call-bound': [ '1.0.4' ],
127 silly audit   callsites: [ '3.1.0' ],
127 silly audit   'caniuse-lite': [ '1.0.30001764' ],
127 silly audit   ccount: [ '2.0.1' ],
127 silly audit   chalk: [ '4.1.2' ],
127 silly audit   'character-entities': [ '2.0.2' ],
127 silly audit   'character-entities-html4': [ '2.1.0' ],
127 silly audit   'character-entities-legacy': [ '3.0.0' ],
127 silly audit   'character-reference-invalid': [ '2.0.1' ],
127 silly audit   'class-variance-authority': [ '0.7.1' ],
127 silly audit   classcat: [ '5.0.5' ],
127 silly audit   'client-only': [ '0.0.1' ],
127 silly audit   clsx: [ '2.1.1' ],
127 silly audit   'color-convert': [ '2.0.1' ],
127 silly audit   'color-name': [ '1.1.4' ],
127 silly audit   'comma-separated-tokens': [ '2.0.3' ],
127 silly audit   'concat-map': [ '0.0.1' ],
127 silly audit   'convert-source-map': [ '2.0.0' ],
127 silly audit   'cross-spawn': [ '7.0.6' ],
127 silly audit   csstype: [ '3.2.3' ],
127 silly audit   'd3-color': [ '3.1.0' ],
127 silly audit   'd3-dispatch': [ '3.0.1' ],
127 silly audit   'd3-drag': [ '3.0.0' ],
127 silly audit   'd3-ease': [ '3.0.1' ],
127 silly audit   'd3-interpolate': [ '3.0.1' ],
127 silly audit   'd3-selection': [ '3.0.0' ],
127 silly audit   'd3-timer': [ '3.0.1' ],
127 silly audit   'd3-transition': [ '3.0.1' ],
127 silly audit   'd3-zoom': [ '3.0.0' ],
127 silly audit   'damerau-levenshtein': [ '1.0.8' ],
127 silly audit   'data-view-buffer': [ '1.0.2' ],
127 silly audit   'data-view-byte-length': [ '1.0.2' ],
127 silly audit   'data-view-byte-offset': [ '1.0.1' ],
127 silly audit   debug: [ '4.4.3', '3.2.7' ],
127 silly audit   'decode-named-character-reference': [ '1.2.0' ],
127 silly audit   'deep-is': [ '0.1.4' ],
127 silly audit   'define-data-property': [ '1.1.4' ],
127 silly audit   'define-properties': [ '1.2.1' ],
127 silly audit   dequal: [ '2.0.3' ],
127 silly audit   'detect-libc': [ '2.1.2' ],
127 silly audit   devlop: [ '1.1.0' ],
127 silly audit   doctrine: [ '2.1.0' ],
127 silly audit   'dunder-proto': [ '1.0.1' ],
127 silly audit   'electron-to-chromium': [ '1.5.267' ],
127 silly audit   'emoji-regex': [ '9.2.2' ],
127 silly audit   'enhanced-resolve': [ '5.18.4' ],
127 silly audit   'es-abstract': [ '1.24.1' ],
127 silly audit   'es-define-property': [ '1.0.1' ],
127 silly audit   'es-errors': [ '1.3.0' ],
127 silly audit   'es-iterator-helpers': [ '1.2.2' ],
127 silly audit   'es-object-atoms': [ '1.1.1' ],
127 silly audit   'es-set-tostringtag': [ '2.1.0' ],
127 silly audit   'es-shim-unscopables': [ '1.1.0' ],
127 silly audit   'es-to-primitive': [ '1.3.0' ],
127 silly audit   escalade: [ '3.2.0' ],
127 silly audit   'escape-string-regexp': [ '4.0.0' ],
127 silly audit   eslint: [ '9.39.2' ],
127 silly audit   'eslint-config-next': [ '16.1.1' ],
127 silly audit   globals: [ '16.4.0', '14.0.0' ],
127 silly audit   'eslint-import-resolver-node': [ '0.3.9' ],
127 silly audit   'eslint-import-resolver-typescript': [ '3.10.1' ],
127 silly audit   'eslint-module-utils': [ '2.12.1' ],
127 silly audit   'eslint-plugin-import': [ '2.32.0' ],
127 silly audit   'eslint-plugin-jsx-a11y': [ '6.10.2' ],
127 silly audit   'eslint-plugin-react': [ '7.37.5' ],
127 silly audit   'eslint-plugin-react-hooks': [ '7.0.1' ],
127 silly audit   resolve: [ '2.0.0-next.5', '1.22.11' ],
127 silly audit   'eslint-scope': [ '8.4.0' ],
127 silly audit   espree: [ '10.4.0' ],
127 silly audit   esquery: [ '1.7.0' ],
127 silly audit   esrecurse: [ '4.3.0' ],
127 silly audit   estraverse: [ '5.3.0' ],
127 silly audit   'estree-util-is-identifier-name': [ '3.0.0' ],
127 silly audit   esutils: [ '2.0.3' ],
127 silly audit   extend: [ '3.0.2' ],
127 silly audit   'fast-deep-equal': [ '3.1.3' ],
127 silly audit   'fast-glob': [ '3.3.1' ],
127 silly audit   'glob-parent': [ '5.1.2', '6.0.2' ],
127 silly audit   'fast-json-stable-stringify': [ '2.1.0' ],
127 silly audit   'fast-levenshtein': [ '2.0.6' ],
127 silly audit   fastq: [ '1.20.1' ],
127 silly audit   'file-entry-cache': [ '8.0.0' ],
127 silly audit   'fill-range': [ '7.1.1' ],
127 silly audit   'find-up': [ '5.0.0' ],
127 silly audit   'flat-cache': [ '4.0.1' ],
127 silly audit   flatted: [ '3.3.3' ],
127 silly audit   'for-each': [ '0.3.5' ],
127 silly audit   'framer-motion': [ '12.26.2' ],
127 silly audit   'function-bind': [ '1.1.2' ],
127 silly audit   'function.prototype.name': [ '1.1.8' ],
127 silly audit   'functions-have-names': [ '1.2.3' ],
127 silly audit   'generator-function': [ '2.0.1' ],
127 silly audit   gensync: [ '1.0.0-beta.2' ],
127 silly audit   'get-intrinsic': [ '1.3.0' ],
127 silly audit   'get-proto': [ '1.0.1' ],
127 silly audit   'get-symbol-description': [ '1.1.0' ],
127 silly audit   'get-tsconfig': [ '4.13.0' ],
127 silly audit   globalthis: [ '1.0.4' ],
127 silly audit   gopd: [ '1.2.0' ],
127 silly audit   'graceful-fs': [ '4.2.11' ],
127 silly audit   'has-bigints': [ '1.1.0' ],
127 silly audit   'has-flag': [ '4.0.0' ],
127 silly audit   'has-property-descriptors': [ '1.0.2' ],
127 silly audit   'has-proto': [ '1.2.0' ],
127 silly audit   'has-symbols': [ '1.1.0' ],
127 silly audit   'has-tostringtag': [ '1.0.2' ],
127 silly audit   hasown: [ '2.0.2' ],
127 silly audit   'hast-util-to-jsx-runtime': [ '2.3.6' ],
127 silly audit   'hast-util-whitespace': [ '3.0.0' ],
127 silly audit   'hermes-estree': [ '0.25.1' ],
127 silly audit   'hermes-parser': [ '0.25.1' ],
127 silly audit   'html-url-attributes': [ '3.0.1' ],
127 silly audit   'import-fresh': [ '3.3.1' ],
127 silly audit   imurmurhash: [ '0.1.4' ],
127 silly audit   'inline-style-parser': [ '0.2.7' ],
127 silly audit   'internal-slot': [ '1.1.0' ],
127 silly audit   'is-alphabetical': [ '2.0.1' ],
127 silly audit   'is-alphanumerical': [ '2.0.1' ],
127 silly audit   'is-array-buffer': [ '3.0.5' ],
127 silly audit   'is-async-function': [ '2.1.1' ],
127 silly audit   'is-bigint': [ '1.1.0' ],
127 silly audit   'is-boolean-object': [ '1.2.2' ],
127 silly audit   'is-bun-module': [ '2.0.0' ],
127 silly audit   'is-callable': [ '1.2.7' ],
127 silly audit   'is-core-module': [ '2.16.1' ],
127 silly audit   'is-data-view': [ '1.0.2' ],
127 silly audit   'is-date-object': [ '1.1.0' ],
127 silly audit   'is-decimal': [ '2.0.1' ],
127 silly audit   'is-extglob': [ '2.1.1' ],
127 silly audit   'is-finalizationregistry': [ '1.1.1' ],
127 silly audit   'is-generator-function': [ '1.1.2' ],
127 silly audit   'is-glob': [ '4.0.3' ],
127 silly audit   'is-hexadecimal': [ '2.0.1' ],
127 silly audit   'is-map': [ '2.0.3' ],
127 silly audit   'is-negative-zero': [ '2.0.3' ],
127 silly audit   'is-number': [ '7.0.0' ],
127 silly audit   'is-number-object': [ '1.1.1' ],
127 silly audit   'is-plain-obj': [ '4.1.0' ],
127 silly audit   'is-regex': [ '1.2.1' ],
127 silly audit   'is-set': [ '2.0.3' ],
127 silly audit   'is-shared-array-buffer': [ '1.0.4' ],
127 silly audit   'is-string': [ '1.1.1' ],
127 silly audit   'is-symbol': [ '1.1.1' ],
127 silly audit   'is-typed-array': [ '1.1.15' ],
127 silly audit   'is-weakmap': [ '2.0.2' ],
127 silly audit   'is-weakref': [ '1.1.1' ],
127 silly audit   'is-weakset': [ '2.0.4' ],
127 silly audit   isarray: [ '2.0.5' ],
127 silly audit   isexe: [ '2.0.0' ],
127 silly audit   'iterator.prototype': [ '1.1.5' ],
127 silly audit   jiti: [ '2.6.1' ],
127 silly audit   'js-tokens': [ '4.0.0' ],
127 silly audit   'js-yaml': [ '4.1.1' ],
127 silly audit   jsesc: [ '3.1.0' ],
127 silly audit   'json-buffer': [ '3.0.1' ],
127 silly audit   'json-schema-traverse': [ '0.4.1' ],
127 silly audit   'json-stable-stringify-without-jsonify': [ '1.0.1' ],
127 silly audit   json5: [ '2.2.3', '1.0.2' ],
127 silly audit   'jsx-ast-utils': [ '3.3.5' ],
127 silly audit   keyv: [ '4.5.4' ],
127 silly audit   'language-subtag-registry': [ '0.3.23' ],
127 silly audit   'language-tags': [ '1.0.9' ],
127 silly audit   levn: [ '0.4.1' ],
127 silly audit   lightningcss: [ '1.30.2' ],
127 silly audit   'lightningcss-android-arm64': [ '1.30.2' ],
127 silly audit   'lightningcss-darwin-arm64': [ '1.30.2' ],
127 silly audit   'lightningcss-darwin-x64': [ '1.30.2' ],
127 silly audit   'lightningcss-freebsd-x64': [ '1.30.2' ],
127 silly audit   'lightningcss-linux-arm-gnueabihf': [ '1.30.2' ],
127 silly audit   'lightningcss-linux-arm64-gnu': [ '1.30.2' ],
127 silly audit   'lightningcss-linux-arm64-musl': [ '1.30.2' ],
127 silly audit   'lightningcss-linux-x64-gnu': [ '1.30.2' ],
127 silly audit   'lightningcss-linux-x64-musl': [ '1.30.2' ],
127 silly audit   'lightningcss-win32-arm64-msvc': [ '1.30.2' ],
127 silly audit   'lightningcss-win32-x64-msvc': [ '1.30.2' ],
127 silly audit   'locate-path': [ '6.0.0' ],
127 silly audit   'lodash.merge': [ '4.6.2' ],
127 silly audit   'longest-streak': [ '3.1.0' ],
127 silly audit   'loose-envify': [ '1.4.0' ],
127 silly audit   'lru-cache': [ '5.1.1' ],
127 silly audit   'lucide-react': [ '0.562.0' ],
127 silly audit   'magic-string': [ '0.30.21' ],
127 silly audit   'math-intrinsics': [ '1.1.0' ],
127 silly audit   'mdast-util-from-markdown': [ '2.0.2' ],
127 silly audit   'mdast-util-mdx-expression': [ '2.0.1' ],
127 silly audit   'mdast-util-mdx-jsx': [ '3.2.0' ],
127 silly audit   'mdast-util-mdxjs-esm': [ '2.0.1' ],
127 silly audit   'mdast-util-phrasing': [ '4.1.0' ],
127 silly audit   'mdast-util-to-hast': [ '13.2.1' ],
127 silly audit   'mdast-util-to-markdown': [ '2.1.2' ],
127 silly audit   'mdast-util-to-string': [ '4.0.0' ],
127 silly audit   merge2: [ '1.4.1' ],
127 silly audit   micromark: [ '4.0.2' ],
127 silly audit   'micromark-core-commonmark': [ '2.0.3' ],
127 silly audit   'micromark-factory-destination': [ '2.0.1' ],
127 silly audit   'micromark-factory-label': [ '2.0.1' ],
127 silly audit   'micromark-factory-space': [ '2.0.1' ],
127 silly audit   'micromark-factory-title': [ '2.0.1' ],
127 silly audit   'micromark-factory-whitespace': [ '2.0.1' ],
127 silly audit   'micromark-util-character': [ '2.1.1' ],
127 silly audit   'micromark-util-chunked': [ '2.0.1' ],
127 silly audit   'micromark-util-classify-character': [ '2.0.1' ],
127 silly audit   'micromark-util-combine-extensions': [ '2.0.1' ],
127 silly audit   'micromark-util-decode-numeric-character-reference': [ '2.0.2' ],
127 silly audit   'micromark-util-decode-string': [ '2.0.1' ],
127 silly audit   'micromark-util-encode': [ '2.0.1' ],
127 silly audit   'micromark-util-html-tag-name': [ '2.0.1' ],
127 silly audit   'micromark-util-normalize-identifier': [ '2.0.1' ],
127 silly audit   'micromark-util-resolve-all': [ '2.0.1' ],
127 silly audit   'micromark-util-sanitize-uri': [ '2.0.1' ],
127 silly audit   'micromark-util-subtokenize': [ '2.1.0' ],
127 silly audit   'micromark-util-symbol': [ '2.0.1' ],
127 silly audit   'micromark-util-types': [ '2.0.2' ],
127 silly audit   micromatch: [ '4.0.8' ],
127 silly audit   minimist: [ '1.2.8' ],
127 silly audit   'motion-dom': [ '12.26.2' ],
127 silly audit   'motion-utils': [ '12.24.10' ],
127 silly audit   ms: [ '2.1.3' ],
127 silly audit   nanoid: [ '3.3.11' ],
127 silly audit   'napi-postinstall': [ '0.3.4' ],
127 silly audit   'natural-compare': [ '1.4.0' ],
127 silly audit   next: [ '16.1.1' ],
127 silly audit   'next-themes': [ '0.4.6' ],
127 silly audit   postcss: [ '8.4.31', '8.5.6' ],
127 silly audit   'node-releases': [ '2.0.27' ],
127 silly audit   'object-assign': [ '4.1.1' ],
127 silly audit   'object-inspect': [ '1.13.4' ],
127 silly audit   'object-keys': [ '1.1.1' ],
127 silly audit   'object.assign': [ '4.1.7' ],
127 silly audit   'object.entries': [ '1.1.9' ],
127 silly audit   'object.fromentries': [ '2.0.8' ],
127 silly audit   'object.groupby': [ '1.0.3' ],
127 silly audit   'object.values': [ '1.2.1' ],
127 silly audit   optionator: [ '0.9.4' ],
127 silly audit   'own-keys': [ '1.0.1' ],
127 silly audit   'p-limit': [ '3.1.0' ],
127 silly audit   'p-locate': [ '5.0.0' ],
127 silly audit   'parent-module': [ '1.0.1' ],
127 silly audit   'parse-entities': [ '4.0.2' ],
127 silly audit   'path-exists': [ '4.0.0' ],
127 silly audit   'path-key': [ '3.1.1' ],
127 silly audit   'path-parse': [ '1.0.7' ],
127 silly audit   picocolors: [ '1.1.1' ],
127 silly audit   picomatch: [ '2.3.1', '4.0.3' ],
127 silly audit   'possible-typed-array-names': [ '1.1.0' ],
127 silly audit   'prelude-ls': [ '1.2.1' ],
127 silly audit   'prop-types': [ '15.8.1' ],
127 silly audit   'property-information': [ '7.1.0' ],
127 silly audit   punycode: [ '2.3.1' ],
127 silly audit   'queue-microtask': [ '1.2.3' ],
127 silly audit   react: [ '19.2.3' ],
127 silly audit   'react-dom': [ '19.2.3' ],
127 silly audit   'react-is': [ '16.13.1' ],
127 silly audit   'react-markdown': [ '10.1.0' ],
127 silly audit   reactflow: [ '11.11.4' ],
127 silly audit   'reflect.getprototypeof': [ '1.0.10' ],
127 silly audit   'regexp.prototype.flags': [ '1.5.4' ],
127 silly audit   'remark-parse': [ '11.0.0' ],
127 silly audit   'remark-rehype': [ '11.1.2' ],
127 silly audit   'resolve-from': [ '4.0.0' ],
127 silly audit   'resolve-pkg-maps': [ '1.0.0' ],
127 silly audit   reusify: [ '1.1.0' ],
127 silly audit   'run-parallel': [ '1.2.0' ],
127 silly audit   'safe-array-concat': [ '1.1.3' ],
127 silly audit   'safe-push-apply': [ '1.0.0' ],
127 silly audit   'safe-regex-test': [ '1.1.0' ],
127 silly audit   scheduler: [ '0.27.0' ],
127 silly audit   'set-function-length': [ '1.2.2' ],
127 silly audit   'set-function-name': [ '2.0.2' ],
127 silly audit   'set-proto': [ '1.0.0' ],
127 silly audit   sharp: [ '0.34.5' ],
127 silly audit   'shebang-command': [ '2.0.0' ],
127 silly audit   'shebang-regex': [ '3.0.0' ],
127 silly audit   'side-channel': [ '1.1.0' ],
127 silly audit   'side-channel-list': [ '1.0.0' ],
127 silly audit   'side-channel-map': [ '1.0.1' ],
127 silly audit   'side-channel-weakmap': [ '1.0.2' ],
127 silly audit   sonner: [ '2.0.7' ],
127 silly audit   'source-map-js': [ '1.2.1' ],
127 silly audit   'space-separated-tokens': [ '2.0.2' ],
127 silly audit   'stable-hash': [ '0.0.5' ],
127 silly audit   'stop-iteration-iterator': [ '1.1.0' ],
127 silly audit   'string.prototype.includes': [ '2.0.1' ],
127 silly audit   'string.prototype.matchall': [ '4.0.12' ],
127 silly audit   'string.prototype.repeat': [ '1.0.0' ],
127 silly audit   'string.prototype.trim': [ '1.2.10' ],
127 silly audit   'string.prototype.trimend': [ '1.0.9' ],
127 silly audit   'string.prototype.trimstart': [ '1.0.8' ],
127 silly audit   'stringify-entities': [ '4.0.4' ],
127 silly audit   'strip-bom': [ '3.0.0' ],
127 silly audit   'strip-json-comments': [ '3.1.1' ],
127 silly audit   'style-to-js': [ '1.1.21' ],
127 silly audit   'style-to-object': [ '1.0.14' ],
127 silly audit   'styled-jsx': [ '5.1.6' ],
127 silly audit   'supports-color': [ '7.2.0' ],
127 silly audit   'supports-preserve-symlinks-flag': [ '1.0.0' ],
127 silly audit   'tailwind-merge': [ '3.4.0' ],
127 silly audit   tailwindcss: [ '4.1.18' ],
127 silly audit   tapable: [ '2.3.0' ],
127 silly audit   tinyglobby: [ '0.2.15' ],
127 silly audit   fdir: [ '6.5.0' ],
127 silly audit   'to-regex-range': [ '5.0.1' ],
127 silly audit   'trim-lines': [ '3.0.1' ],
127 silly audit   trough: [ '2.2.0' ],
127 silly audit   'ts-api-utils': [ '2.4.0' ],
127 silly audit   'tsconfig-paths': [ '3.15.0' ],
127 silly audit   tslib: [ '2.8.1' ],
127 silly audit   'tw-animate-css': [ '1.4.0' ],
127 silly audit   'type-check': [ '0.4.0' ],
127 silly audit   'typed-array-buffer': [ '1.0.3' ],
127 silly audit   'typed-array-byte-length': [ '1.0.3' ],
127 silly audit   'typed-array-byte-offset': [ '1.0.4' ],
127 silly audit   'typed-array-length': [ '1.0.7' ],
127 silly audit   typescript: [ '5.9.3' ],
127 silly audit   'typescript-eslint': [ '8.53.0' ],
127 silly audit   'unbox-primitive': [ '1.1.0' ],
127 silly audit   'undici-types': [ '6.21.0' ],
127 silly audit   unified: [ '11.0.5' ],
127 silly audit   'unist-util-is': [ '6.0.1' ],
127 silly audit   'unist-util-position': [ '5.0.0' ],
127 silly audit   'unist-util-stringify-position': [ '4.0.0' ],
127 silly audit   'unist-util-visit': [ '5.0.0' ],
127 silly audit   'unist-util-visit-parents': [ '6.0.2' ],
127 silly audit   'unrs-resolver': [ '1.11.1' ],
127 silly audit   'update-browserslist-db': [ '1.2.3' ],
127 silly audit   'uri-js': [ '4.4.1' ],
127 silly audit   'use-sync-external-store': [ '1.6.0' ],
127 silly audit   vfile: [ '6.0.3' ],
127 silly audit   'vfile-message': [ '4.0.3' ],
127 silly audit   which: [ '2.0.2' ],
127 silly audit   'which-boxed-primitive': [ '1.1.1' ],
127 silly audit   'which-builtin-type': [ '1.2.1' ],
127 silly audit   'which-collection': [ '1.0.2' ],
127 silly audit   'which-typed-array': [ '1.1.19' ],
127 silly audit   'word-wrap': [ '1.2.5' ],
127 silly audit   yallist: [ '3.1.1' ],
127 silly audit   'yocto-queue': [ '0.1.0' ],
127 silly audit   zod: [ '4.3.5' ],
127 silly audit   'zod-validation-error': [ '4.0.2' ],
127 silly audit   zustand: [ '4.5.7' ],
127 silly audit   zwitch: [ '2.0.4' ],
127 silly audit   '@radix-ui/react-tabs': [ '1.1.13' ],
127 silly audit   '@radix-ui/primitive': [ '1.1.3' ],
127 silly audit   '@radix-ui/react-context': [ '1.1.2' ],
127 silly audit   '@radix-ui/react-direction': [ '1.1.1' ],
127 silly audit   '@radix-ui/react-id': [ '1.1.1' ],
127 silly audit   '@radix-ui/react-presence': [ '1.1.5' ],
127 silly audit   '@radix-ui/react-roving-focus': [ '1.1.11' ],
127 silly audit   '@radix-ui/react-use-controllable-state': [ '1.2.2' ],
127 silly audit   '@radix-ui/react-use-layout-effect': [ '1.1.1' ],
127 silly audit   '@radix-ui/react-collection': [ '1.1.7' ],
127 silly audit   '@radix-ui/react-use-callback-ref': [ '1.1.1' ],
127 silly audit   '@radix-ui/react-use-effect-event': [ '0.0.2' ]
127 silly audit }
128 http cache @radix-ui/react-use-callback-ref@https://registry.npmjs.org/@radix-ui/react-use-callback-ref/-/react-use-callback-ref-1.1.1.tgz 0ms (cache hit)
129 http cache @radix-ui/react-use-effect-event@https://registry.npmjs.org/@radix-ui/react-use-effect-event/-/react-use-effect-event-0.0.2.tgz 0ms (cache hit)
130 http cache @radix-ui/react-collection@https://registry.npmjs.org/@radix-ui/react-collection/-/react-collection-1.1.7.tgz 0ms (cache hit)
131 http cache @radix-ui/react-use-layout-effect@https://registry.npmjs.org/@radix-ui/react-use-layout-effect/-/react-use-layout-effect-1.1.1.tgz 0ms (cache hit)
132 http cache @radix-ui/react-use-controllable-state@https://registry.npmjs.org/@radix-ui/react-use-controllable-state/-/react-use-controllable-state-1.2.2.tgz 0ms (cache hit)
133 http cache @radix-ui/react-presence@https://registry.npmjs.org/@radix-ui/react-presence/-/react-presence-1.1.5.tgz 0ms (cache hit)
134 http cache @radix-ui/react-id@https://registry.npmjs.org/@radix-ui/react-id/-/react-id-1.1.1.tgz 0ms (cache hit)
135 http cache @radix-ui/react-context@https://registry.npmjs.org/@radix-ui/react-context/-/react-context-1.1.2.tgz 0ms (cache hit)
136 http cache @radix-ui/primitive@https://registry.npmjs.org/@radix-ui/primitive/-/primitive-1.1.3.tgz 0ms (cache hit)
137 http cache @radix-ui/react-tabs@https://registry.npmjs.org/@radix-ui/react-tabs/-/react-tabs-1.1.13.tgz 0ms (cache hit)
138 http cache @radix-ui/react-slot@https://registry.npmjs.org/@radix-ui/react-slot/-/react-slot-1.2.3.tgz 0ms (cache hit)
139 http cache @radix-ui/react-primitive@https://registry.npmjs.org/@radix-ui/react-primitive/-/react-primitive-2.1.3.tgz 0ms (cache hit)
140 http cache @radix-ui/react-primitive@https://registry.npmjs.org/@radix-ui/react-primitive/-/react-primitive-2.1.3.tgz 0ms (cache hit)
141 http cache @radix-ui/react-slot@https://registry.npmjs.org/@radix-ui/react-slot/-/react-slot-1.2.3.tgz 0ms (cache hit)
142 http cache @radix-ui/react-slot@https://registry.npmjs.org/@radix-ui/react-slot/-/react-slot-1.2.3.tgz 0ms (cache hit)
143 http cache @radix-ui/react-primitive@https://registry.npmjs.org/@radix-ui/react-primitive/-/react-primitive-2.1.3.tgz 0ms (cache hit)
144 http cache @radix-ui/react-roving-focus@https://registry.npmjs.org/@radix-ui/react-roving-focus/-/react-roving-focus-1.1.11.tgz 0ms (cache hit)
145 http cache @radix-ui/react-direction@https://registry.npmjs.org/@radix-ui/react-direction/-/react-direction-1.1.1.tgz 0ms (cache hit)
146 silly tarball no local data for @radix-ui/react-use-callback-ref@https://registry.npmjs.org/@radix-ui/react-use-callback-ref/-/react-use-callback-ref-1.1.1.tgz. Extracting by manifest.
147 silly tarball no local data for @radix-ui/react-collection@https://registry.npmjs.org/@radix-ui/react-collection/-/react-collection-1.1.7.tgz. Extracting by manifest.
148 silly tarball no local data for @radix-ui/react-use-effect-event@https://registry.npmjs.org/@radix-ui/react-use-effect-event/-/react-use-effect-event-0.0.2.tgz. Extracting by manifest.
149 silly tarball no local data for @radix-ui/react-presence@https://registry.npmjs.org/@radix-ui/react-presence/-/react-presence-1.1.5.tgz. Extracting by manifest.
150 silly tarball no local data for @radix-ui/react-use-layout-effect@https://registry.npmjs.org/@radix-ui/react-use-layout-effect/-/react-use-layout-effect-1.1.1.tgz. Extracting by manifest.
151 silly tarball no local data for @radix-ui/react-use-controllable-state@https://registry.npmjs.org/@radix-ui/react-use-controllable-state/-/react-use-controllable-state-1.2.2.tgz. Extracting by manifest.
152 silly tarball no local data for @radix-ui/react-id@https://registry.npmjs.org/@radix-ui/react-id/-/react-id-1.1.1.tgz. Extracting by manifest.
153 silly tarball no local data for @radix-ui/react-context@https://registry.npmjs.org/@radix-ui/react-context/-/react-context-1.1.2.tgz. Extracting by manifest.
154 silly tarball no local data for @radix-ui/primitive@https://registry.npmjs.org/@radix-ui/primitive/-/primitive-1.1.3.tgz. Extracting by manifest.
155 silly tarball no local data for @radix-ui/react-tabs@https://registry.npmjs.org/@radix-ui/react-tabs/-/react-tabs-1.1.13.tgz. Extracting by manifest.
156 silly tarball no local data for @radix-ui/react-primitive@https://registry.npmjs.org/@radix-ui/react-primitive/-/react-primitive-2.1.3.tgz. Extracting by manifest.
157 silly tarball no local data for @radix-ui/react-primitive@https://registry.npmjs.org/@radix-ui/react-primitive/-/react-primitive-2.1.3.tgz. Extracting by manifest.
158 silly tarball no local data for @radix-ui/react-slot@https://registry.npmjs.org/@radix-ui/react-slot/-/react-slot-1.2.3.tgz. Extracting by manifest.
159 silly tarball no local data for @radix-ui/react-slot@https://registry.npmjs.org/@radix-ui/react-slot/-/react-slot-1.2.3.tgz. Extracting by manifest.
160 silly tarball no local data for @radix-ui/react-slot@https://registry.npmjs.org/@radix-ui/react-slot/-/react-slot-1.2.3.tgz. Extracting by manifest.
161 silly tarball no local data for @radix-ui/react-primitive@https://registry.npmjs.org/@radix-ui/react-primitive/-/react-primitive-2.1.3.tgz. Extracting by manifest.
162 silly tarball no local data for @radix-ui/react-direction@https://registry.npmjs.org/@radix-ui/react-direction/-/react-direction-1.1.1.tgz. Extracting by manifest.
163 silly tarball no local data for @radix-ui/react-roving-focus@https://registry.npmjs.org/@radix-ui/react-roving-focus/-/react-roving-focus-1.1.11.tgz. Extracting by manifest.
164 http fetch GET 200 https://registry.npmjs.org/@radix-ui/react-use-callback-ref/-/react-use-callback-ref-1.1.1.tgz 78ms (cache miss)
165 http fetch GET 200 https://registry.npmjs.org/@radix-ui/react-use-controllable-state/-/react-use-controllable-state-1.2.2.tgz 81ms (cache miss)
166 http fetch GET 200 https://registry.npmjs.org/@radix-ui/react-use-effect-event/-/react-use-effect-event-0.0.2.tgz 84ms (cache miss)
167 http fetch GET 200 https://registry.npmjs.org/@radix-ui/react-use-layout-effect/-/react-use-layout-effect-1.1.1.tgz 84ms (cache miss)
168 http fetch GET 200 https://registry.npmjs.org/@radix-ui/react-id/-/react-id-1.1.1.tgz 85ms (cache miss)
169 http fetch GET 200 https://registry.npmjs.org/@radix-ui/react-presence/-/react-presence-1.1.5.tgz 86ms (cache miss)
170 http fetch GET 200 https://registry.npmjs.org/@radix-ui/react-collection/-/react-collection-1.1.7.tgz 88ms (cache miss)
171 http fetch GET 200 https://registry.npmjs.org/@radix-ui/react-slot/-/react-slot-1.2.3.tgz 149ms (cache miss)
172 http fetch GET 200 https://registry.npmjs.org/@radix-ui/react-primitive/-/react-primitive-2.1.3.tgz 153ms (cache miss)
173 http fetch GET 200 https://registry.npmjs.org/@radix-ui/react-direction/-/react-direction-1.1.1.tgz 157ms (cache miss)
174 http fetch GET 200 https://registry.npmjs.org/@radix-ui/react-roving-focus/-/react-roving-focus-1.1.11.tgz 167ms (cache miss)
175 http fetch GET 200 https://registry.npmjs.org/@radix-ui/react-slot/-/react-slot-1.2.3.tgz 188ms (cache miss)
176 http fetch GET 200 https://registry.npmjs.org/@radix-ui/react-primitive/-/react-primitive-2.1.3.tgz 196ms (cache miss)
177 http fetch POST 200 https://registry.npmjs.org/-/npm/v1/security/advisories/bulk 231ms
178 silly audit report {}
179 http fetch GET 200 https://registry.npmjs.org/@radix-ui/react-context/-/react-context-1.1.2.tgz 241ms (cache miss)
180 http fetch GET 200 https://registry.npmjs.org/@radix-ui/react-tabs/-/react-tabs-1.1.13.tgz 244ms (cache miss)
181 http fetch GET 200 https://registry.npmjs.org/@radix-ui/primitive/-/primitive-1.1.3.tgz 258ms (cache miss)
182 http fetch GET 200 https://registry.npmjs.org/@radix-ui/react-primitive/-/react-primitive-2.1.3.tgz 262ms (cache miss)
183 http fetch GET 200 https://registry.npmjs.org/@radix-ui/react-slot/-/react-slot-1.2.3.tgz 281ms (cache miss)
184 silly ADD node_modules/@radix-ui/react-use-effect-event
185 silly ADD node_modules/@radix-ui/react-use-callback-ref
186 silly ADD node_modules/@radix-ui/react-collection
187 silly ADD node_modules/@radix-ui/react-collection/node_modules/@radix-ui/react-slot
188 silly ADD node_modules/@radix-ui/react-collection/node_modules/@radix-ui/react-primitive
189 silly ADD node_modules/@radix-ui/react-use-layout-effect
190 silly ADD node_modules/@radix-ui/react-use-controllable-state
191 silly ADD node_modules/@radix-ui/react-roving-focus
192 silly ADD node_modules/@radix-ui/react-roving-focus/node_modules/@radix-ui/react-slot
193 silly ADD node_modules/@radix-ui/react-roving-focus/node_modules/@radix-ui/react-primitive
194 silly ADD node_modules/@radix-ui/react-presence
195 silly ADD node_modules/@radix-ui/react-id
196 silly ADD node_modules/@radix-ui/react-direction
197 silly ADD node_modules/@radix-ui/react-context
198 silly ADD node_modules/@radix-ui/primitive
199 silly ADD node_modules/@radix-ui/react-tabs
200 silly ADD node_modules/@radix-ui/react-tabs/node_modules/@radix-ui/react-slot
201 silly ADD node_modules/@radix-ui/react-tabs/node_modules/@radix-ui/react-primitive
202 verbose cwd /Users/flaviomontagner/Documents/Apps/Flowy/web
203 verbose os Darwin 25.2.0
204 verbose node v24.12.0
205 verbose npm  v11.6.2
206 verbose exit 0
207 info ok
