0 verbose cli /usr/local/bin/node /usr/local/bin/npm
1 info using npm@11.6.2
2 info using node@v24.12.0
3 silly config load:file:/usr/local/lib/node_modules/npm/npmrc
4 silly config load:file:/Users/flaviomontagner/Documents/Apps/Flowy/web/.npmrc
5 silly config load:file:/Users/flaviomontagner/.npmrc
6 silly config load:file:/usr/local/etc/npmrc
7 verbose title npm install @radix-ui/react-slot sonner next-themes @radix-ui/react-separator
8 verbose argv "install" "@radix-ui/react-slot" "sonner" "next-themes" "@radix-ui/react-separator"
9 verbose logfile logs-max:10 dir:/Users/flaviomontagner/Documents/Apps/Flowy/web/.npm-cache/_logs/2026-01-14T16_43_10_226Z-
10 verbose logfile /Users/flaviomontagner/Documents/Apps/Flowy/web/.npm-cache/_logs/2026-01-14T16_43_10_226Z-debug-0.log
11 silly logfile done cleaning log files
12 silly packumentCache heap:4496293888 maxSize:1124073472 maxEntrySize:562036736
13 silly idealTree buildDeps
14 silly fetch manifest @radix-ui/react-slot@*
15 silly packumentCache full:https://registry.npmjs.org/@radix-ui%2freact-slot cache-miss
16 http fetch GET 200 https://registry.npmjs.org/@radix-ui%2freact-slot 311ms (cache miss)
17 silly packumentCache full:https://registry.npmjs.org/@radix-ui%2freact-slot set size:undefined disposed:false
18 silly fetch manifest @types/react@^19
19 silly packumentCache full:https://registry.npmjs.org/@types%2freact cache-miss
20 http cache https://registry.npmjs.org/@types%2freact 6ms (cache hit)
21 silly packumentCache full:https://registry.npmjs.org/@types%2freact set size:2546526 disposed:false
22 silly fetch manifest react@19.2.3
23 silly packumentCache full:https://registry.npmjs.org/react cache-miss
24 http fetch GET 200 https://registry.npmjs.org/react 149ms (cache revalidated)
25 silly packumentCache full:https://registry.npmjs.org/react set size:6382377 disposed:false
26 silly fetch manifest sonner@*
27 silly packumentCache full:https://registry.npmjs.org/sonner cache-miss
28 http fetch GET 200 https://registry.npmjs.org/sonner 83ms (cache miss)
29 silly packumentCache full:https://registry.npmjs.org/sonner set size:undefined disposed:false
30 silly fetch manifest react-dom@19.2.3
31 silly packumentCache full:https://registry.npmjs.org/react-dom cache-miss
32 http fetch GET 200 https://registry.npmjs.org/react-dom 83ms (cache revalidated)
33 silly packumentCache full:https://registry.npmjs.org/react-dom set size:8409119 disposed:false
34 silly fetch manifest next-themes@*
35 silly packumentCache full:https://registry.npmjs.org/next-themes cache-miss
36 http fetch GET 200 https://registry.npmjs.org/next-themes 93ms (cache miss)
37 silly packumentCache full:https://registry.npmjs.org/next-themes set size:undefined disposed:false
38 silly fetch manifest @radix-ui/react-separator@*
39 silly packumentCache full:https://registry.npmjs.org/@radix-ui%2freact-separator cache-miss
40 http fetch GET 200 https://registry.npmjs.org/@radix-ui%2freact-separator 219ms (cache miss)
41 silly packumentCache full:https://registry.npmjs.org/@radix-ui%2freact-separator set size:undefined disposed:false
42 silly fetch manifest @types/react-dom@^19
43 silly packumentCache full:https://registry.npmjs.org/@types%2freact-dom cache-miss
44 http cache https://registry.npmjs.org/@types%2freact-dom 2ms (cache hit)
45 silly packumentCache full:https://registry.npmjs.org/@types%2freact-dom set size:429026 disposed:false
46 silly placeDep ROOT @radix-ui/react-separator@1.1.8 OK for: web@0.1.0 want: *
47 silly placeDep ROOT @radix-ui/react-slot@1.2.4 OK for: web@0.1.0 want: *
48 silly placeDep ROOT next-themes@0.4.6 OK for: web@0.1.0 want: *
49 silly placeDep ROOT sonner@2.0.7 OK for: web@0.1.0 want: *
50 silly fetch manifest @radix-ui/react-primitive@2.1.4
51 silly packumentCache full:https://registry.npmjs.org/@radix-ui%2freact-primitive cache-miss
52 silly fetch manifest @radix-ui/react-compose-refs@1.1.2
53 silly packumentCache full:https://registry.npmjs.org/@radix-ui%2freact-compose-refs cache-miss
54 http fetch GET 200 https://registry.npmjs.org/@radix-ui%2freact-primitive 97ms (cache miss)
55 silly packumentCache full:https://registry.npmjs.org/@radix-ui%2freact-primitive set size:undefined disposed:false
56 http fetch GET 200 https://registry.npmjs.org/@radix-ui%2freact-compose-refs 267ms (cache miss)
57 silly packumentCache full:https://registry.npmjs.org/@radix-ui%2freact-compose-refs set size:undefined disposed:false
58 silly fetch manifest @types/react@*
59 silly packumentCache full:https://registry.npmjs.org/@types%2freact cache-miss
60 http fetch GET 200 https://registry.npmjs.org/@types%2freact 73ms (cache revalidated)
61 silly packumentCache full:https://registry.npmjs.org/@types%2freact set size:2546526 disposed:false
62 silly fetch manifest @types/react-dom@*
63 silly packumentCache full:https://registry.npmjs.org/@types%2freact-dom cache-hit
64 silly fetch manifest react@^16.8 || ^17.0 || ^18.0 || ^19.0 || ^19.0.0-rc
65 silly packumentCache full:https://registry.npmjs.org/react cache-miss
66 http cache https://registry.npmjs.org/react 9ms (cache hit)
67 silly packumentCache full:https://registry.npmjs.org/react set size:6382377 disposed:false
68 silly fetch manifest react-dom@^16.8 || ^17.0 || ^18.0 || ^19.0 || ^19.0.0-rc
69 silly packumentCache full:https://registry.npmjs.org/react-dom cache-miss
70 http cache https://registry.npmjs.org/react-dom 7ms (cache hit)
71 silly packumentCache full:https://registry.npmjs.org/react-dom set size:8409119 disposed:false
72 silly placeDep ROOT @radix-ui/react-primitive@2.1.4 OK for: @radix-ui/react-separator@1.1.8 want: 2.1.4
73 silly placeDep ROOT @radix-ui/react-compose-refs@1.1.2 OK for: @radix-ui/react-slot@1.2.4 want: 1.1.2
74 silly reify moves {}
75 silly audit bulk request {
75 silly audit   '@alloc/quick-lru': [ '5.2.0' ],
75 silly audit   '@babel/code-frame': [ '7.28.6' ],
75 silly audit   '@babel/compat-data': [ '7.28.6' ],
75 silly audit   '@babel/core': [ '7.28.6' ],
75 silly audit   '@babel/generator': [ '7.28.6' ],
75 silly audit   '@babel/helper-compilation-targets': [ '7.28.6' ],
75 silly audit   '@babel/helper-globals': [ '7.28.0' ],
75 silly audit   '@babel/helper-module-imports': [ '7.28.6' ],
75 silly audit   '@babel/helper-module-transforms': [ '7.28.6' ],
75 silly audit   '@babel/helper-string-parser': [ '7.27.1' ],
75 silly audit   '@babel/helper-validator-identifier': [ '7.28.5' ],
75 silly audit   '@babel/helper-validator-option': [ '7.27.1' ],
75 silly audit   '@babel/helpers': [ '7.28.6' ],
75 silly audit   '@babel/parser': [ '7.28.6' ],
75 silly audit   '@babel/template': [ '7.28.6' ],
75 silly audit   '@babel/traverse': [ '7.28.6' ],
75 silly audit   '@babel/types': [ '7.28.6' ],
75 silly audit   '@emnapi/core': [ '1.8.1' ],
75 silly audit   '@emnapi/runtime': [ '1.8.1' ],
75 silly audit   '@emnapi/wasi-threads': [ '1.1.0' ],
75 silly audit   '@eslint-community/eslint-utils': [ '4.9.1' ],
75 silly audit   'eslint-visitor-keys': [ '3.4.3', '4.2.1' ],
75 silly audit   '@eslint-community/regexpp': [ '4.12.2' ],
75 silly audit   '@eslint/config-array': [ '0.21.1' ],
75 silly audit   '@eslint/config-helpers': [ '0.4.2' ],
75 silly audit   '@eslint/core': [ '0.17.0' ],
75 silly audit   '@eslint/eslintrc': [ '3.3.3' ],
75 silly audit   '@eslint/js': [ '9.39.2' ],
75 silly audit   '@eslint/object-schema': [ '2.1.7' ],
75 silly audit   '@eslint/plugin-kit': [ '0.4.1' ],
75 silly audit   '@humanfs/core': [ '0.19.1' ],
75 silly audit   '@humanfs/node': [ '0.16.7' ],
75 silly audit   '@humanwhocodes/module-importer': [ '1.0.1' ],
75 silly audit   '@humanwhocodes/retry': [ '0.4.3' ],
75 silly audit   '@img/colour': [ '1.0.0' ],
75 silly audit   '@img/sharp-darwin-arm64': [ '0.34.5' ],
75 silly audit   '@img/sharp-darwin-x64': [ '0.34.5' ],
75 silly audit   '@img/sharp-libvips-darwin-arm64': [ '1.2.4' ],
75 silly audit   '@img/sharp-libvips-darwin-x64': [ '1.2.4' ],
75 silly audit   '@img/sharp-libvips-linux-arm': [ '1.2.4' ],
75 silly audit   '@img/sharp-libvips-linux-arm64': [ '1.2.4' ],
75 silly audit   '@img/sharp-libvips-linux-ppc64': [ '1.2.4' ],
75 silly audit   '@img/sharp-libvips-linux-riscv64': [ '1.2.4' ],
75 silly audit   '@img/sharp-libvips-linux-s390x': [ '1.2.4' ],
75 silly audit   '@img/sharp-libvips-linux-x64': [ '1.2.4' ],
75 silly audit   '@img/sharp-libvips-linuxmusl-arm64': [ '1.2.4' ],
75 silly audit   '@img/sharp-libvips-linuxmusl-x64': [ '1.2.4' ],
75 silly audit   '@img/sharp-linux-arm': [ '0.34.5' ],
75 silly audit   '@img/sharp-linux-arm64': [ '0.34.5' ],
75 silly audit   '@img/sharp-linux-ppc64': [ '0.34.5' ],
75 silly audit   '@img/sharp-linux-riscv64': [ '0.34.5' ],
75 silly audit   '@img/sharp-linux-s390x': [ '0.34.5' ],
75 silly audit   '@img/sharp-linux-x64': [ '0.34.5' ],
75 silly audit   '@img/sharp-linuxmusl-arm64': [ '0.34.5' ],
75 silly audit   '@img/sharp-linuxmusl-x64': [ '0.34.5' ],
75 silly audit   '@img/sharp-wasm32': [ '0.34.5' ],
75 silly audit   '@img/sharp-win32-arm64': [ '0.34.5' ],
75 silly audit   '@img/sharp-win32-ia32': [ '0.34.5' ],
75 silly audit   '@img/sharp-win32-x64': [ '0.34.5' ],
75 silly audit   '@jridgewell/gen-mapping': [ '0.3.13' ],
75 silly audit   '@jridgewell/remapping': [ '2.3.5' ],
75 silly audit   '@jridgewell/resolve-uri': [ '3.1.2' ],
75 silly audit   '@jridgewell/sourcemap-codec': [ '1.5.5' ],
75 silly audit   '@jridgewell/trace-mapping': [ '0.3.31' ],
75 silly audit   '@napi-rs/wasm-runtime': [ '0.2.12' ],
75 silly audit   '@next/env': [ '16.1.1' ],
75 silly audit   '@next/eslint-plugin-next': [ '16.1.1' ],
75 silly audit   '@next/swc-darwin-arm64': [ '16.1.1' ],
75 silly audit   '@next/swc-darwin-x64': [ '16.1.1' ],
75 silly audit   '@next/swc-linux-arm64-gnu': [ '16.1.1' ],
75 silly audit   '@next/swc-linux-arm64-musl': [ '16.1.1' ],
75 silly audit   '@next/swc-linux-x64-gnu': [ '16.1.1' ],
75 silly audit   '@next/swc-linux-x64-musl': [ '16.1.1' ],
75 silly audit   '@next/swc-win32-arm64-msvc': [ '16.1.1' ],
75 silly audit   '@next/swc-win32-x64-msvc': [ '16.1.1' ],
75 silly audit   '@nodelib/fs.scandir': [ '2.1.5' ],
75 silly audit   '@nodelib/fs.stat': [ '2.0.5' ],
75 silly audit   '@nodelib/fs.walk': [ '1.2.8' ],
75 silly audit   '@nolyfill/is-core-module': [ '1.0.39' ],
75 silly audit   '@reactflow/background': [ '11.3.14' ],
75 silly audit   '@reactflow/controls': [ '11.2.14' ],
75 silly audit   '@reactflow/core': [ '11.11.4' ],
75 silly audit   '@reactflow/minimap': [ '11.7.14' ],
75 silly audit   '@reactflow/node-resizer': [ '2.2.14' ],
75 silly audit   '@reactflow/node-toolbar': [ '1.3.14' ],
75 silly audit   '@rtsao/scc': [ '1.1.0' ],
75 silly audit   '@swc/helpers': [ '0.5.15' ],
75 silly audit   '@tailwindcss/node': [ '4.1.18' ],
75 silly audit   '@tailwindcss/oxide': [ '4.1.18' ],
75 silly audit   '@tailwindcss/oxide-android-arm64': [ '4.1.18' ],
75 silly audit   '@tailwindcss/oxide-darwin-arm64': [ '4.1.18' ],
75 silly audit   '@tailwindcss/oxide-darwin-x64': [ '4.1.18' ],
75 silly audit   '@tailwindcss/oxide-freebsd-x64': [ '4.1.18' ],
75 silly audit   '@tailwindcss/oxide-linux-arm-gnueabihf': [ '4.1.18' ],
75 silly audit   '@tailwindcss/oxide-linux-arm64-gnu': [ '4.1.18' ],
75 silly audit   '@tailwindcss/oxide-linux-arm64-musl': [ '4.1.18' ],
75 silly audit   '@tailwindcss/oxide-linux-x64-gnu': [ '4.1.18' ],
75 silly audit   '@tailwindcss/oxide-linux-x64-musl': [ '4.1.18' ],
75 silly audit   '@tailwindcss/oxide-wasm32-wasi': [ '4.1.18' ],
75 silly audit   '@tailwindcss/oxide-win32-arm64-msvc': [ '4.1.18' ],
75 silly audit   '@tailwindcss/oxide-win32-x64-msvc': [ '4.1.18' ],
75 silly audit   '@tailwindcss/postcss': [ '4.1.18' ],
75 silly audit   '@tybys/wasm-util': [ '0.10.1' ],
75 silly audit   '@types/d3': [ '7.4.3' ],
75 silly audit   '@types/d3-array': [ '3.2.2' ],
75 silly audit   '@types/d3-axis': [ '3.0.6' ],
75 silly audit   '@types/d3-brush': [ '3.0.6' ],
75 silly audit   '@types/d3-chord': [ '3.0.6' ],
75 silly audit   '@types/d3-color': [ '3.1.3' ],
75 silly audit   '@types/d3-contour': [ '3.0.6' ],
75 silly audit   '@types/d3-delaunay': [ '6.0.4' ],
75 silly audit   '@types/d3-dispatch': [ '3.0.7' ],
75 silly audit   '@types/d3-drag': [ '3.0.7' ],
75 silly audit   '@types/d3-dsv': [ '3.0.7' ],
75 silly audit   '@types/d3-ease': [ '3.0.2' ],
75 silly audit   '@types/d3-fetch': [ '3.0.7' ],
75 silly audit   '@types/d3-force': [ '3.0.10' ],
75 silly audit   '@types/d3-format': [ '3.0.4' ],
75 silly audit   '@types/d3-geo': [ '3.1.0' ],
75 silly audit   '@types/d3-hierarchy': [ '3.1.7' ],
75 silly audit   '@types/d3-interpolate': [ '3.0.4' ],
75 silly audit   '@types/d3-path': [ '3.1.1' ],
75 silly audit   '@types/d3-polygon': [ '3.0.2' ],
75 silly audit   '@types/d3-quadtree': [ '3.0.6' ],
75 silly audit   '@types/d3-random': [ '3.0.3' ],
75 silly audit   '@types/d3-scale': [ '4.0.9' ],
75 silly audit   '@types/d3-scale-chromatic': [ '3.1.0' ],
75 silly audit   '@types/d3-selection': [ '3.0.11' ],
75 silly audit   '@types/d3-shape': [ '3.1.8' ],
75 silly audit   '@types/d3-time': [ '3.0.4' ],
75 silly audit   '@types/d3-time-format': [ '4.0.3' ],
75 silly audit   '@types/d3-timer': [ '3.0.2' ],
75 silly audit   '@types/d3-transition': [ '3.0.9' ],
75 silly audit   '@types/d3-zoom': [ '3.0.8' ],
75 silly audit   '@types/estree': [ '1.0.8' ],
75 silly audit   '@types/geojson': [ '7946.0.16' ],
75 silly audit   '@types/json-schema': [ '7.0.15' ],
75 silly audit   '@types/json5': [ '0.0.29' ],
75 silly audit   '@types/node': [ '20.19.29' ],
75 silly audit   '@types/react': [ '19.2.8' ],
75 silly audit   '@types/react-dom': [ '19.2.3' ],
75 silly audit   '@typescript-eslint/eslint-plugin': [ '8.53.0' ],
75 silly audit   ignore: [ '7.0.5', '5.3.2' ],
75 silly audit   '@typescript-eslint/parser': [ '8.53.0' ],
75 silly audit   '@typescript-eslint/project-service': [ '8.53.0' ],
75 silly audit   '@typescript-eslint/scope-manager': [ '8.53.0' ],
75 silly audit   '@typescript-eslint/tsconfig-utils': [ '8.53.0' ],
75 silly audit   '@typescript-eslint/type-utils': [ '8.53.0' ],
75 silly audit   '@typescript-eslint/types': [ '8.53.0' ],
75 silly audit   '@typescript-eslint/typescript-estree': [ '8.53.0' ],
75 silly audit   'brace-expansion': [ '2.0.2', '1.1.12' ],
75 silly audit   minimatch: [ '9.0.5', '3.1.2' ],
75 silly audit   semver: [ '7.7.3', '6.3.1' ],
75 silly audit   '@typescript-eslint/utils': [ '8.53.0' ],
75 silly audit   '@typescript-eslint/visitor-keys': [ '8.53.0' ],
75 silly audit   '@unrs/resolver-binding-android-arm-eabi': [ '1.11.1' ],
75 silly audit   '@unrs/resolver-binding-android-arm64': [ '1.11.1' ],
75 silly audit   '@unrs/resolver-binding-darwin-arm64': [ '1.11.1' ],
75 silly audit   '@unrs/resolver-binding-darwin-x64': [ '1.11.1' ],
75 silly audit   '@unrs/resolver-binding-freebsd-x64': [ '1.11.1' ],
75 silly audit   '@unrs/resolver-binding-linux-arm-gnueabihf': [ '1.11.1' ],
75 silly audit   '@unrs/resolver-binding-linux-arm-musleabihf': [ '1.11.1' ],
75 silly audit   '@unrs/resolver-binding-linux-arm64-gnu': [ '1.11.1' ],
75 silly audit   '@unrs/resolver-binding-linux-arm64-musl': [ '1.11.1' ],
75 silly audit   '@unrs/resolver-binding-linux-ppc64-gnu': [ '1.11.1' ],
75 silly audit   '@unrs/resolver-binding-linux-riscv64-gnu': [ '1.11.1' ],
75 silly audit   '@unrs/resolver-binding-linux-riscv64-musl': [ '1.11.1' ],
75 silly audit   '@unrs/resolver-binding-linux-s390x-gnu': [ '1.11.1' ],
75 silly audit   '@unrs/resolver-binding-linux-x64-gnu': [ '1.11.1' ],
75 silly audit   '@unrs/resolver-binding-linux-x64-musl': [ '1.11.1' ],
75 silly audit   '@unrs/resolver-binding-wasm32-wasi': [ '1.11.1' ],
75 silly audit   '@unrs/resolver-binding-win32-arm64-msvc': [ '1.11.1' ],
75 silly audit   '@unrs/resolver-binding-win32-ia32-msvc': [ '1.11.1' ],
75 silly audit   '@unrs/resolver-binding-win32-x64-msvc': [ '1.11.1' ],
75 silly audit   acorn: [ '8.15.0' ],
75 silly audit   'acorn-jsx': [ '5.3.2' ],
75 silly audit   ajv: [ '6.12.6' ],
75 silly audit   'ansi-styles': [ '4.3.0' ],
75 silly audit   argparse: [ '2.0.1' ],
75 silly audit   'aria-query': [ '5.3.2' ],
75 silly audit   'array-buffer-byte-length': [ '1.0.2' ],
75 silly audit   'array-includes': [ '3.1.9' ],
75 silly audit   'array.prototype.findlast': [ '1.2.5' ],
75 silly audit   'array.prototype.findlastindex': [ '1.2.6' ],
75 silly audit   'array.prototype.flat': [ '1.3.3' ],
75 silly audit   'array.prototype.flatmap': [ '1.3.3' ],
75 silly audit   'array.prototype.tosorted': [ '1.1.4' ],
75 silly audit   'arraybuffer.prototype.slice': [ '1.0.4' ],
75 silly audit   'ast-types-flow': [ '0.0.8' ],
75 silly audit   'async-function': [ '1.0.0' ],
75 silly audit   'available-typed-arrays': [ '1.0.7' ],
75 silly audit   'axe-core': [ '4.11.1' ],
75 silly audit   'axobject-query': [ '4.1.0' ],
75 silly audit   'balanced-match': [ '1.0.2' ],
75 silly audit   'baseline-browser-mapping': [ '2.9.14' ],
75 silly audit   braces: [ '3.0.3' ],
75 silly audit   browserslist: [ '4.28.1' ],
75 silly audit   'call-bind': [ '1.0.8' ],
75 silly audit   'call-bind-apply-helpers': [ '1.0.2' ],
75 silly audit   'call-bound': [ '1.0.4' ],
75 silly audit   callsites: [ '3.1.0' ],
75 silly audit   'caniuse-lite': [ '1.0.30001764' ],
75 silly audit   chalk: [ '4.1.2' ],
75 silly audit   'class-variance-authority': [ '0.7.1' ],
75 silly audit   classcat: [ '5.0.5' ],
75 silly audit   'client-only': [ '0.0.1' ],
75 silly audit   clsx: [ '2.1.1' ],
75 silly audit   'color-convert': [ '2.0.1' ],
75 silly audit   'color-name': [ '1.1.4' ],
75 silly audit   'concat-map': [ '0.0.1' ],
75 silly audit   'convert-source-map': [ '2.0.0' ],
75 silly audit   'cross-spawn': [ '7.0.6' ],
75 silly audit   csstype: [ '3.2.3' ],
75 silly audit   'd3-color': [ '3.1.0' ],
75 silly audit   'd3-dispatch': [ '3.0.1' ],
75 silly audit   'd3-drag': [ '3.0.0' ],
75 silly audit   'd3-ease': [ '3.0.1' ],
75 silly audit   'd3-interpolate': [ '3.0.1' ],
75 silly audit   'd3-selection': [ '3.0.0' ],
75 silly audit   'd3-timer': [ '3.0.1' ],
75 silly audit   'd3-transition': [ '3.0.1' ],
75 silly audit   'd3-zoom': [ '3.0.0' ],
75 silly audit   'damerau-levenshtein': [ '1.0.8' ],
75 silly audit   'data-view-buffer': [ '1.0.2' ],
75 silly audit   'data-view-byte-length': [ '1.0.2' ],
75 silly audit   'data-view-byte-offset': [ '1.0.1' ],
75 silly audit   debug: [ '4.4.3', '3.2.7' ],
75 silly audit   'deep-is': [ '0.1.4' ],
75 silly audit   'define-data-property': [ '1.1.4' ],
75 silly audit   'define-properties': [ '1.2.1' ],
75 silly audit   'detect-libc': [ '2.1.2' ],
75 silly audit   doctrine: [ '2.1.0' ],
75 silly audit   'dunder-proto': [ '1.0.1' ],
75 silly audit   'electron-to-chromium': [ '1.5.267' ],
75 silly audit   'emoji-regex': [ '9.2.2' ],
75 silly audit   'enhanced-resolve': [ '5.18.4' ],
75 silly audit   'es-abstract': [ '1.24.1' ],
75 silly audit   'es-define-property': [ '1.0.1' ],
75 silly audit   'es-errors': [ '1.3.0' ],
75 silly audit   'es-iterator-helpers': [ '1.2.2' ],
75 silly audit   'es-object-atoms': [ '1.1.1' ],
75 silly audit   'es-set-tostringtag': [ '2.1.0' ],
75 silly audit   'es-shim-unscopables': [ '1.1.0' ],
75 silly audit   'es-to-primitive': [ '1.3.0' ],
75 silly audit   escalade: [ '3.2.0' ],
75 silly audit   'escape-string-regexp': [ '4.0.0' ],
75 silly audit   eslint: [ '9.39.2' ],
75 silly audit   'eslint-config-next': [ '16.1.1' ],
75 silly audit   globals: [ '16.4.0', '14.0.0' ],
75 silly audit   'eslint-import-resolver-node': [ '0.3.9' ],
75 silly audit   'eslint-import-resolver-typescript': [ '3.10.1' ],
75 silly audit   'eslint-module-utils': [ '2.12.1' ],
75 silly audit   'eslint-plugin-import': [ '2.32.0' ],
75 silly audit   'eslint-plugin-jsx-a11y': [ '6.10.2' ],
75 silly audit   'eslint-plugin-react': [ '7.37.5' ],
75 silly audit   'eslint-plugin-react-hooks': [ '7.0.1' ],
75 silly audit   resolve: [ '2.0.0-next.5', '1.22.11' ],
75 silly audit   'eslint-scope': [ '8.4.0' ],
75 silly audit   espree: [ '10.4.0' ],
75 silly audit   esquery: [ '1.7.0' ],
75 silly audit   esrecurse: [ '4.3.0' ],
75 silly audit   estraverse: [ '5.3.0' ],
75 silly audit   esutils: [ '2.0.3' ],
75 silly audit   'fast-deep-equal': [ '3.1.3' ],
75 silly audit   'fast-glob': [ '3.3.1' ],
75 silly audit   'glob-parent': [ '5.1.2', '6.0.2' ],
75 silly audit   'fast-json-stable-stringify': [ '2.1.0' ],
75 silly audit   'fast-levenshtein': [ '2.0.6' ],
75 silly audit   fastq: [ '1.20.1' ],
75 silly audit   'file-entry-cache': [ '8.0.0' ],
75 silly audit   'fill-range': [ '7.1.1' ],
75 silly audit   'find-up': [ '5.0.0' ],
75 silly audit   'flat-cache': [ '4.0.1' ],
75 silly audit   flatted: [ '3.3.3' ],
75 silly audit   'for-each': [ '0.3.5' ],
75 silly audit   'framer-motion': [ '12.26.2' ],
75 silly audit   'function-bind': [ '1.1.2' ],
75 silly audit   'function.prototype.name': [ '1.1.8' ],
75 silly audit   'functions-have-names': [ '1.2.3' ],
75 silly audit   'generator-function': [ '2.0.1' ],
75 silly audit   gensync: [ '1.0.0-beta.2' ],
75 silly audit   'get-intrinsic': [ '1.3.0' ],
75 silly audit   'get-proto': [ '1.0.1' ],
75 silly audit   'get-symbol-description': [ '1.1.0' ],
75 silly audit   'get-tsconfig': [ '4.13.0' ],
75 silly audit   globalthis: [ '1.0.4' ],
75 silly audit   gopd: [ '1.2.0' ],
75 silly audit   'graceful-fs': [ '4.2.11' ],
75 silly audit   'has-bigints': [ '1.1.0' ],
75 silly audit   'has-flag': [ '4.0.0' ],
75 silly audit   'has-property-descriptors': [ '1.0.2' ],
75 silly audit   'has-proto': [ '1.2.0' ],
75 silly audit   'has-symbols': [ '1.1.0' ],
75 silly audit   'has-tostringtag': [ '1.0.2' ],
75 silly audit   hasown: [ '2.0.2' ],
75 silly audit   'hermes-estree': [ '0.25.1' ],
75 silly audit   'hermes-parser': [ '0.25.1' ],
75 silly audit   'import-fresh': [ '3.3.1' ],
75 silly audit   imurmurhash: [ '0.1.4' ],
75 silly audit   'internal-slot': [ '1.1.0' ],
75 silly audit   'is-array-buffer': [ '3.0.5' ],
75 silly audit   'is-async-function': [ '2.1.1' ],
75 silly audit   'is-bigint': [ '1.1.0' ],
75 silly audit   'is-boolean-object': [ '1.2.2' ],
75 silly audit   'is-bun-module': [ '2.0.0' ],
75 silly audit   'is-callable': [ '1.2.7' ],
75 silly audit   'is-core-module': [ '2.16.1' ],
75 silly audit   'is-data-view': [ '1.0.2' ],
75 silly audit   'is-date-object': [ '1.1.0' ],
75 silly audit   'is-extglob': [ '2.1.1' ],
75 silly audit   'is-finalizationregistry': [ '1.1.1' ],
75 silly audit   'is-generator-function': [ '1.1.2' ],
75 silly audit   'is-glob': [ '4.0.3' ],
75 silly audit   'is-map': [ '2.0.3' ],
75 silly audit   'is-negative-zero': [ '2.0.3' ],
75 silly audit   'is-number': [ '7.0.0' ],
75 silly audit   'is-number-object': [ '1.1.1' ],
75 silly audit   'is-regex': [ '1.2.1' ],
75 silly audit   'is-set': [ '2.0.3' ],
75 silly audit   'is-shared-array-buffer': [ '1.0.4' ],
75 silly audit   'is-string': [ '1.1.1' ],
75 silly audit   'is-symbol': [ '1.1.1' ],
75 silly audit   'is-typed-array': [ '1.1.15' ],
75 silly audit   'is-weakmap': [ '2.0.2' ],
75 silly audit   'is-weakref': [ '1.1.1' ],
75 silly audit   'is-weakset': [ '2.0.4' ],
75 silly audit   isarray: [ '2.0.5' ],
75 silly audit   isexe: [ '2.0.0' ],
75 silly audit   'iterator.prototype': [ '1.1.5' ],
75 silly audit   jiti: [ '2.6.1' ],
75 silly audit   'js-tokens': [ '4.0.0' ],
75 silly audit   'js-yaml': [ '4.1.1' ],
75 silly audit   jsesc: [ '3.1.0' ],
75 silly audit   'json-buffer': [ '3.0.1' ],
75 silly audit   'json-schema-traverse': [ '0.4.1' ],
75 silly audit   'json-stable-stringify-without-jsonify': [ '1.0.1' ],
75 silly audit   json5: [ '2.2.3', '1.0.2' ],
75 silly audit   'jsx-ast-utils': [ '3.3.5' ],
75 silly audit   keyv: [ '4.5.4' ],
75 silly audit   'language-subtag-registry': [ '0.3.23' ],
75 silly audit   'language-tags': [ '1.0.9' ],
75 silly audit   levn: [ '0.4.1' ],
75 silly audit   lightningcss: [ '1.30.2' ],
75 silly audit   'lightningcss-android-arm64': [ '1.30.2' ],
75 silly audit   'lightningcss-darwin-arm64': [ '1.30.2' ],
75 silly audit   'lightningcss-darwin-x64': [ '1.30.2' ],
75 silly audit   'lightningcss-freebsd-x64': [ '1.30.2' ],
75 silly audit   'lightningcss-linux-arm-gnueabihf': [ '1.30.2' ],
75 silly audit   'lightningcss-linux-arm64-gnu': [ '1.30.2' ],
75 silly audit   'lightningcss-linux-arm64-musl': [ '1.30.2' ],
75 silly audit   'lightningcss-linux-x64-gnu': [ '1.30.2' ],
75 silly audit   'lightningcss-linux-x64-musl': [ '1.30.2' ],
75 silly audit   'lightningcss-win32-arm64-msvc': [ '1.30.2' ],
75 silly audit   'lightningcss-win32-x64-msvc': [ '1.30.2' ],
75 silly audit   'locate-path': [ '6.0.0' ],
75 silly audit   'lodash.merge': [ '4.6.2' ],
75 silly audit   'loose-envify': [ '1.4.0' ],
75 silly audit   'lru-cache': [ '5.1.1' ],
75 silly audit   'lucide-react': [ '0.562.0' ],
75 silly audit   'magic-string': [ '0.30.21' ],
75 silly audit   'math-intrinsics': [ '1.1.0' ],
75 silly audit   merge2: [ '1.4.1' ],
75 silly audit   micromatch: [ '4.0.8' ],
75 silly audit   minimist: [ '1.2.8' ],
75 silly audit   'motion-dom': [ '12.26.2' ],
75 silly audit   'motion-utils': [ '12.24.10' ],
75 silly audit   ms: [ '2.1.3' ],
75 silly audit   nanoid: [ '3.3.11' ],
75 silly audit   'napi-postinstall': [ '0.3.4' ],
75 silly audit   'natural-compare': [ '1.4.0' ],
75 silly audit   next: [ '16.1.1' ],
75 silly audit   postcss: [ '8.4.31', '8.5.6' ],
75 silly audit   'node-releases': [ '2.0.27' ],
75 silly audit   'object-assign': [ '4.1.1' ],
75 silly audit   'object-inspect': [ '1.13.4' ],
75 silly audit   'object-keys': [ '1.1.1' ],
75 silly audit   'object.assign': [ '4.1.7' ],
75 silly audit   'object.entries': [ '1.1.9' ],
75 silly audit   'object.fromentries': [ '2.0.8' ],
75 silly audit   'object.groupby': [ '1.0.3' ],
75 silly audit   'object.values': [ '1.2.1' ],
75 silly audit   optionator: [ '0.9.4' ],
75 silly audit   'own-keys': [ '1.0.1' ],
75 silly audit   'p-limit': [ '3.1.0' ],
75 silly audit   'p-locate': [ '5.0.0' ],
75 silly audit   'parent-module': [ '1.0.1' ],
75 silly audit   'path-exists': [ '4.0.0' ],
75 silly audit   'path-key': [ '3.1.1' ],
75 silly audit   'path-parse': [ '1.0.7' ],
75 silly audit   picocolors: [ '1.1.1' ],
75 silly audit   picomatch: [ '2.3.1', '4.0.3' ],
75 silly audit   'possible-typed-array-names': [ '1.1.0' ],
75 silly audit   'prelude-ls': [ '1.2.1' ],
75 silly audit   'prop-types': [ '15.8.1' ],
75 silly audit   punycode: [ '2.3.1' ],
75 silly audit   'queue-microtask': [ '1.2.3' ],
75 silly audit   react: [ '19.2.3' ],
75 silly audit   'react-dom': [ '19.2.3' ],
75 silly audit   'react-is': [ '16.13.1' ],
75 silly audit   reactflow: [ '11.11.4' ],
75 silly audit   'reflect.getprototypeof': [ '1.0.10' ],
75 silly audit   'regexp.prototype.flags': [ '1.5.4' ],
75 silly audit   'resolve-from': [ '4.0.0' ],
75 silly audit   'resolve-pkg-maps': [ '1.0.0' ],
75 silly audit   reusify: [ '1.1.0' ],
75 silly audit   'run-parallel': [ '1.2.0' ],
75 silly audit   'safe-array-concat': [ '1.1.3' ],
75 silly audit   'safe-push-apply': [ '1.0.0' ],
75 silly audit   'safe-regex-test': [ '1.1.0' ],
75 silly audit   scheduler: [ '0.27.0' ],
75 silly audit   'set-function-length': [ '1.2.2' ],
75 silly audit   'set-function-name': [ '2.0.2' ],
75 silly audit   'set-proto': [ '1.0.0' ],
75 silly audit   sharp: [ '0.34.5' ],
75 silly audit   'shebang-command': [ '2.0.0' ],
75 silly audit   'shebang-regex': [ '3.0.0' ],
75 silly audit   'side-channel': [ '1.1.0' ],
75 silly audit   'side-channel-list': [ '1.0.0' ],
75 silly audit   'side-channel-map': [ '1.0.1' ],
75 silly audit   'side-channel-weakmap': [ '1.0.2' ],
75 silly audit   'source-map-js': [ '1.2.1' ],
75 silly audit   'stable-hash': [ '0.0.5' ],
75 silly audit   'stop-iteration-iterator': [ '1.1.0' ],
75 silly audit   'string.prototype.includes': [ '2.0.1' ],
75 silly audit   'string.prototype.matchall': [ '4.0.12' ],
75 silly audit   'string.prototype.repeat': [ '1.0.0' ],
75 silly audit   'string.prototype.trim': [ '1.2.10' ],
75 silly audit   'string.prototype.trimend': [ '1.0.9' ],
75 silly audit   'string.prototype.trimstart': [ '1.0.8' ],
75 silly audit   'strip-bom': [ '3.0.0' ],
75 silly audit   'strip-json-comments': [ '3.1.1' ],
75 silly audit   'styled-jsx': [ '5.1.6' ],
75 silly audit   'supports-color': [ '7.2.0' ],
75 silly audit   'supports-preserve-symlinks-flag': [ '1.0.0' ],
75 silly audit   'tailwind-merge': [ '3.4.0' ],
75 silly audit   tailwindcss: [ '4.1.18' ],
75 silly audit   tapable: [ '2.3.0' ],
75 silly audit   tinyglobby: [ '0.2.15' ],
75 silly audit   fdir: [ '6.5.0' ],
75 silly audit   'to-regex-range': [ '5.0.1' ],
75 silly audit   'ts-api-utils': [ '2.4.0' ],
75 silly audit   'tsconfig-paths': [ '3.15.0' ],
75 silly audit   tslib: [ '2.8.1' ],
75 silly audit   'tw-animate-css': [ '1.4.0' ],
75 silly audit   'type-check': [ '0.4.0' ],
75 silly audit   'typed-array-buffer': [ '1.0.3' ],
75 silly audit   'typed-array-byte-length': [ '1.0.3' ],
75 silly audit   'typed-array-byte-offset': [ '1.0.4' ],
75 silly audit   'typed-array-length': [ '1.0.7' ],
75 silly audit   typescript: [ '5.9.3' ],
75 silly audit   'typescript-eslint': [ '8.53.0' ],
75 silly audit   'unbox-primitive': [ '1.1.0' ],
75 silly audit   'undici-types': [ '6.21.0' ],
75 silly audit   'unrs-resolver': [ '1.11.1' ],
75 silly audit   'update-browserslist-db': [ '1.2.3' ],
75 silly audit   'uri-js': [ '4.4.1' ],
75 silly audit   'use-sync-external-store': [ '1.6.0' ],
75 silly audit   which: [ '2.0.2' ],
75 silly audit   'which-boxed-primitive': [ '1.1.1' ],
75 silly audit   'which-builtin-type': [ '1.2.1' ],
75 silly audit   'which-collection': [ '1.0.2' ],
75 silly audit   'which-typed-array': [ '1.1.19' ],
75 silly audit   'word-wrap': [ '1.2.5' ],
75 silly audit   yallist: [ '3.1.1' ],
75 silly audit   'yocto-queue': [ '0.1.0' ],
75 silly audit   zod: [ '4.3.5' ],
75 silly audit   'zod-validation-error': [ '4.0.2' ],
75 silly audit   zustand: [ '4.5.7' ],
75 silly audit   '@radix-ui/react-separator': [ '1.1.8' ],
75 silly audit   '@radix-ui/react-slot': [ '1.2.4' ],
75 silly audit   'next-themes': [ '0.4.6' ],
75 silly audit   sonner: [ '2.0.7' ],
75 silly audit   '@radix-ui/react-primitive': [ '2.1.4' ],
75 silly audit   '@radix-ui/react-compose-refs': [ '1.1.2' ]
75 silly audit }
76 http cache @radix-ui/react-compose-refs@https://registry.npmjs.org/@radix-ui/react-compose-refs/-/react-compose-refs-1.1.2.tgz 0ms (cache hit)
77 http cache sonner@https://registry.npmjs.org/sonner/-/sonner-2.0.7.tgz 0ms (cache hit)
78 http cache @radix-ui/react-primitive@https://registry.npmjs.org/@radix-ui/react-primitive/-/react-primitive-2.1.4.tgz 0ms (cache hit)
79 http cache @radix-ui/react-slot@https://registry.npmjs.org/@radix-ui/react-slot/-/react-slot-1.2.4.tgz 0ms (cache hit)
80 http cache @radix-ui/react-separator@https://registry.npmjs.org/@radix-ui/react-separator/-/react-separator-1.1.8.tgz 0ms (cache hit)
81 silly tarball no local data for @radix-ui/react-compose-refs@https://registry.npmjs.org/@radix-ui/react-compose-refs/-/react-compose-refs-1.1.2.tgz. Extracting by manifest.
82 silly tarball no local data for sonner@https://registry.npmjs.org/sonner/-/sonner-2.0.7.tgz. Extracting by manifest.
83 silly tarball no local data for @radix-ui/react-primitive@https://registry.npmjs.org/@radix-ui/react-primitive/-/react-primitive-2.1.4.tgz. Extracting by manifest.
84 silly tarball no local data for @radix-ui/react-slot@https://registry.npmjs.org/@radix-ui/react-slot/-/react-slot-1.2.4.tgz. Extracting by manifest.
85 silly tarball no local data for @radix-ui/react-separator@https://registry.npmjs.org/@radix-ui/react-separator/-/react-separator-1.1.8.tgz. Extracting by manifest.
86 http cache next-themes@https://registry.npmjs.org/next-themes/-/next-themes-0.4.6.tgz 0ms (cache hit)
87 silly tarball no local data for next-themes@https://registry.npmjs.org/next-themes/-/next-themes-0.4.6.tgz. Extracting by manifest.
88 http fetch GET 200 https://registry.npmjs.org/@radix-ui/react-compose-refs/-/react-compose-refs-1.1.2.tgz 171ms (cache miss)
89 http fetch POST 200 https://registry.npmjs.org/-/npm/v1/security/advisories/bulk 310ms
90 silly audit report {}
91 http fetch GET 200 https://registry.npmjs.org/sonner/-/sonner-2.0.7.tgz 321ms (cache miss)
92 http fetch GET 200 https://registry.npmjs.org/@radix-ui/react-slot/-/react-slot-1.2.4.tgz 335ms (cache miss)
93 http fetch GET 200 https://registry.npmjs.org/@radix-ui/react-primitive/-/react-primitive-2.1.4.tgz 335ms (cache miss)
94 http fetch GET 200 https://registry.npmjs.org/next-themes/-/next-themes-0.4.6.tgz 332ms (cache miss)
95 http fetch GET 200 https://registry.npmjs.org/@radix-ui/react-separator/-/react-separator-1.1.8.tgz 335ms (cache miss)
96 silly ADD node_modules/@radix-ui/react-compose-refs
97 silly ADD node_modules/@radix-ui/react-primitive
98 silly ADD node_modules/sonner
99 silly ADD node_modules/next-themes
100 silly ADD node_modules/@radix-ui/react-slot
101 silly ADD node_modules/@radix-ui/react-separator
102 verbose cwd /Users/flaviomontagner/Documents/Apps/Flowy/web
103 verbose os Darwin 25.2.0
104 verbose node v24.12.0
105 verbose npm  v11.6.2
106 verbose exit 0
107 info ok
